<?xml version="1.0" encoding="UTF-8"?>
<coverage generated="1587665664612" clover="3.2.0">
  <project timestamp="1587665664613" name="All files">
    <metrics statements="243" coveredstatements="216" conditionals="142" coveredconditionals="105" methods="38" coveredmethods="32" elements="423" coveredelements="353" complexity="0" loc="243" ncloc="243" packages="1" files="1" classes="1"/>
    <file name="app.js" path="/home/dark/Documentos/webapi/app.js">
      <metrics statements="243" coveredstatements="216" conditionals="142" coveredconditionals="105" methods="38" coveredmethods="32"/>
      <line num="1" count="1" type="stmt"/>
      <line num="2" count="1" type="stmt"/>
      <line num="3" count="1" type="stmt"/>
      <line num="4" count="1" type="stmt"/>
      <line num="5" count="1" type="stmt"/>
      <line num="6" count="1" type="stmt"/>
      <line num="7" count="1" type="stmt"/>
      <line num="9" count="1" type="stmt"/>
      <line num="10" count="1" type="stmt"/>
      <line num="11" count="1" type="stmt"/>
      <line num="13" count="1" type="stmt"/>
      <line num="14" count="1" type="stmt"/>
      <line num="16" count="1" type="stmt"/>
      <line num="17" count="2" type="stmt"/>
      <line num="19" count="1" type="stmt"/>
      <line num="22" count="11" type="cond" truecount="2" falsecount="0"/>
      <line num="23" count="7" type="stmt"/>
      <line num="27" count="7" type="stmt"/>
      <line num="28" count="21" type="cond" truecount="1" falsecount="1"/>
      <line num="32" count="1" type="stmt"/>
      <line num="34" count="4" type="stmt"/>
      <line num="37" count="4" type="cond" truecount="1" falsecount="1"/>
      <line num="39" count="4" type="stmt"/>
      <line num="41" count="4" type="stmt"/>
      <line num="42" count="1" type="cond" truecount="1" falsecount="1"/>
      <line num="43" count="1" type="stmt"/>
      <line num="44" count="1" type="stmt"/>
      <line num="48" count="4" type="cond" truecount="2" falsecount="0"/>
      <line num="49" count="1" type="stmt"/>
      <line num="52" count="4" type="cond" truecount="1" falsecount="1"/>
      <line num="54" count="4" type="stmt"/>
      <line num="56" count="4" type="stmt"/>
      <line num="57" count="9" type="cond" truecount="2" falsecount="0"/>
      <line num="58" count="3" type="stmt"/>
      <line num="59" count="3" type="stmt"/>
      <line num="63" count="4" type="cond" truecount="2" falsecount="0"/>
      <line num="64" count="3" type="stmt"/>
      <line num="67" count="4" type="cond" truecount="3" falsecount="1"/>
      <line num="68" count="4" type="cond" truecount="1" falsecount="1"/>
      <line num="71" count="4" type="stmt"/>
      <line num="72" count="4" type="stmt"/>
      <line num="73" count="4" type="stmt"/>
      <line num="75" count="4" type="stmt"/>
      <line num="77" count="32" type="cond" truecount="2" falsecount="0"/>
      <line num="78" count="4" type="stmt"/>
      <line num="81" count="32" type="cond" truecount="2" falsecount="0"/>
      <line num="82" count="4" type="stmt"/>
      <line num="85" count="32" type="cond" truecount="2" falsecount="0"/>
      <line num="86" count="4" type="stmt"/>
      <line num="89" count="32" type="cond" truecount="2" falsecount="0"/>
      <line num="90" count="4" type="stmt"/>
      <line num="95" count="4" type="stmt"/>
      <line num="96" count="4" type="stmt"/>
      <line num="99" count="4" type="cond" truecount="2" falsecount="2"/>
      <line num="101" count="4" type="stmt"/>
      <line num="103" count="4" type="cond" truecount="1" falsecount="1"/>
      <line num="105" count="4" type="stmt"/>
      <line num="107" count="21" type="stmt"/>
      <line num="109" count="21" type="cond" truecount="2" falsecount="0"/>
      <line num="110" count="7" type="stmt"/>
      <line num="112" count="21" type="cond" truecount="2" falsecount="0"/>
      <line num="113" count="7" type="stmt"/>
      <line num="115" count="21" type="cond" truecount="2" falsecount="0"/>
      <line num="117" count="7" type="stmt"/>
      <line num="119" count="7" type="stmt"/>
      <line num="120" count="18" type="stmt"/>
      <line num="123" count="7" type="cond" truecount="2" falsecount="0"/>
      <line num="124" count="6" type="cond" truecount="2" falsecount="0"/>
      <line num="126" count="1" type="stmt"/>
      <line num="127" count="1" type="stmt"/>
      <line num="128" count="1" type="stmt"/>
      <line num="129" count="1" type="stmt"/>
      <line num="130" count="1" type="stmt"/>
      <line num="131" count="1" type="stmt"/>
      <line num="153" count="4" type="cond" truecount="4" falsecount="1"/>
      <line num="154" count="3" type="stmt"/>
      <line num="155" count="3" type="stmt"/>
      <line num="156" count="3" type="stmt"/>
      <line num="161" count="0" type="stmt"/>
      <line num="167" count="1" type="stmt"/>
      <line num="172" count="5" type="stmt"/>
      <line num="173" count="5" type="stmt"/>
      <line num="174" count="5" type="stmt"/>
      <line num="177" count="1" type="stmt"/>
      <line num="182" count="7" type="cond" truecount="2" falsecount="0"/>
      <line num="183" count="1" type="stmt"/>
      <line num="191" count="6" type="cond" truecount="4" falsecount="1"/>
      <line num="194" count="2" type="cond" truecount="2" falsecount="0"/>
      <line num="195" count="1" type="stmt"/>
      <line num="203" count="1" type="stmt"/>
      <line num="206" count="4" type="cond" truecount="1" falsecount="1"/>
      <line num="207" count="4" type="stmt"/>
      <line num="211" count="0" type="stmt"/>
      <line num="220" count="1" type="stmt"/>
      <line num="223" count="2" type="stmt"/>
      <line num="226" count="2" type="cond" truecount="2" falsecount="0"/>
      <line num="227" count="1" type="stmt"/>
      <line num="228" count="1" type="stmt"/>
      <line num="229" count="1" type="stmt"/>
      <line num="230" count="1" type="stmt"/>
      <line num="233" count="2" type="cond" truecount="1" falsecount="1"/>
      <line num="236" count="2" type="stmt"/>
      <line num="237" count="1" type="cond" truecount="1" falsecount="1"/>
      <line num="238" count="1" type="stmt"/>
      <line num="239" count="1" type="stmt"/>
      <line num="240" count="1" type="stmt"/>
      <line num="241" count="1" type="stmt"/>
      <line num="242" count="1" type="stmt"/>
      <line num="251" count="2" type="cond" truecount="2" falsecount="0"/>
      <line num="252" count="1" type="stmt"/>
      <line num="253" count="1" type="stmt"/>
      <line num="258" count="1" type="stmt"/>
      <line num="259" count="1" type="stmt"/>
      <line num="260" count="1" type="cond" truecount="1" falsecount="1"/>
      <line num="261" count="0" type="stmt"/>
      <line num="262" count="0" type="stmt"/>
      <line num="270" count="1" type="cond" truecount="1" falsecount="1"/>
      <line num="271" count="0" type="stmt"/>
      <line num="276" count="1" type="cond" truecount="1" falsecount="1"/>
      <line num="277" count="0" type="stmt"/>
      <line num="283" count="1" type="cond" truecount="1" falsecount="1"/>
      <line num="286" count="0" type="stmt"/>
      <line num="293" count="1" type="stmt"/>
      <line num="305" count="1" type="stmt"/>
      <line num="308" count="3" type="stmt"/>
      <line num="309" count="3" type="cond" truecount="1" falsecount="1"/>
      <line num="311" count="0" type="stmt"/>
      <line num="314" count="3" type="cond" truecount="2" falsecount="0"/>
      <line num="315" count="1" type="stmt"/>
      <line num="317" count="1" type="stmt"/>
      <line num="323" count="2" type="stmt"/>
      <line num="330" count="1" type="stmt"/>
      <line num="334" count="1" type="cond" truecount="1" falsecount="1"/>
      <line num="335" count="1" type="stmt"/>
      <line num="336" count="1" type="stmt"/>
      <line num="337" count="1" type="stmt"/>
      <line num="338" count="1" type="stmt"/>
      <line num="341" count="1" type="stmt"/>
      <line num="344" count="1" type="cond" truecount="1" falsecount="1"/>
      <line num="345" count="0" type="stmt"/>
      <line num="346" count="0" type="cond" truecount="0" falsecount="2"/>
      <line num="347" count="0" type="stmt"/>
      <line num="351" count="0" type="stmt"/>
      <line num="354" count="1" type="stmt"/>
      <line num="355" count="3" type="cond" truecount="2" falsecount="0"/>
      <line num="356" count="1" type="stmt"/>
      <line num="360" count="1" type="stmt"/>
      <line num="363" count="1" type="cond" truecount="1" falsecount="1"/>
      <line num="368" count="1" type="stmt"/>
      <line num="372" count="1" type="stmt"/>
      <line num="376" count="3" type="cond" truecount="2" falsecount="0"/>
      <line num="377" count="1" type="stmt"/>
      <line num="378" count="1" type="stmt"/>
      <line num="379" count="1" type="stmt"/>
      <line num="380" count="1" type="stmt"/>
      <line num="383" count="3" type="stmt"/>
      <line num="385" count="3" type="stmt"/>
      <line num="387" count="3" type="stmt"/>
      <line num="388" count="6" type="cond" truecount="2" falsecount="0"/>
      <line num="390" count="2" type="stmt"/>
      <line num="391" count="2" type="stmt"/>
      <line num="395" count="3" type="cond" truecount="2" falsecount="0"/>
      <line num="397" count="1" type="stmt"/>
      <line num="398" count="1" type="cond" truecount="1" falsecount="1"/>
      <line num="399" count="1" type="stmt"/>
      <line num="403" count="1" type="cond" truecount="1" falsecount="1"/>
      <line num="404" count="1" type="stmt"/>
      <line num="407" count="2" type="cond" truecount="1" falsecount="1"/>
      <line num="408" count="2" type="stmt"/>
      <line num="411" count="3" type="stmt"/>
      <line num="415" count="1" type="stmt"/>
      <line num="419" count="4" type="stmt"/>
      <line num="420" count="4" type="stmt"/>
      <line num="422" count="4" type="stmt"/>
      <line num="423" count="7" type="stmt"/>
      <line num="425" count="14" type="cond" truecount="2" falsecount="0"/>
      <line num="426" count="3" type="stmt"/>
      <line num="431" count="4" type="cond" truecount="2" falsecount="0"/>
      <line num="432" count="1" type="stmt"/>
      <line num="433" count="0" type="stmt"/>
      <line num="434" count="0" type="cond" truecount="0" falsecount="2"/>
      <line num="435" count="0" type="stmt"/>
      <line num="441" count="4" type="stmt"/>
      <line num="443" count="3" type="cond" truecount="2" falsecount="0"/>
      <line num="444" count="1" type="stmt"/>
      <line num="447" count="2" type="stmt"/>
      <line num="451" count="4" type="cond" truecount="2" falsecount="0"/>
      <line num="452" count="3" type="stmt"/>
      <line num="454" count="1" type="stmt"/>
      <line num="457" count="1" type="stmt"/>
      <line num="461" count="4" type="stmt"/>
      <line num="466" count="4" type="stmt"/>
      <line num="472" count="4" type="stmt"/>
      <line num="478" count="4" type="stmt"/>
      <line num="479" count="4" type="stmt"/>
      <line num="480" count="4" type="stmt"/>
      <line num="482" count="4" type="stmt"/>
      <line num="485" count="3" type="cond" truecount="1" falsecount="1"/>
      <line num="486" count="0" type="stmt"/>
      <line num="487" count="0" type="stmt"/>
      <line num="491" count="4" type="cond" truecount="2" falsecount="0"/>
      <line num="492" count="1" type="stmt"/>
      <line num="493" count="1" type="stmt"/>
      <line num="496" count="4" type="cond" truecount="2" falsecount="0"/>
      <line num="500" count="3" type="stmt"/>
      <line num="501" count="5" type="stmt"/>
      <line num="503" count="10" type="cond" truecount="2" falsecount="0"/>
      <line num="505" count="2" type="stmt"/>
      <line num="508" count="2" type="stmt"/>
      <line num="509" count="2" type="stmt"/>
      <line num="510" count="2" type="stmt"/>
      <line num="516" count="3" type="cond" truecount="2" falsecount="0"/>
      <line num="518" count="1" type="stmt"/>
      <line num="519" count="0" type="stmt"/>
      <line num="521" count="0" type="cond" truecount="0" falsecount="2"/>
      <line num="523" count="0" type="stmt"/>
      <line num="524" count="0" type="stmt"/>
      <line num="525" count="0" type="stmt"/>
      <line num="526" count="0" type="stmt"/>
      <line num="533" count="4" type="cond" truecount="4" falsecount="0"/>
      <line num="539" count="1" type="stmt"/>
      <line num="541" count="1" type="stmt"/>
      <line num="542" count="1" type="cond" truecount="1" falsecount="1"/>
      <line num="543" count="1" type="stmt"/>
      <line num="547" count="1" type="cond" truecount="3" falsecount="1"/>
      <line num="548" count="0" type="stmt"/>
      <line num="555" count="1" type="cond" truecount="2" falsecount="2"/>
      <line num="556" count="0" type="stmt"/>
      <line num="564" count="1" type="stmt"/>
      <line num="573" count="1" type="stmt"/>
      <line num="576" count="1" type="cond" truecount="1" falsecount="1"/>
      <line num="577" count="1" type="stmt"/>
      <line num="579" count="0" type="stmt"/>
      <line num="583" count="1" type="stmt"/>
      <line num="584" count="1" type="stmt"/>
      <line num="585" count="1" type="stmt"/>
      <line num="586" count="1" type="stmt"/>
      <line num="587" count="1" type="stmt"/>
      <line num="588" count="1" type="stmt"/>
      <line num="589" count="1" type="stmt"/>
      <line num="590" count="0" type="stmt"/>
      <line num="593" count="1" type="stmt"/>
      <line num="594" count="1" type="stmt"/>
    </file>
  </project>
</coverage>
