{"/home/dark/Documentos/webapi/app.js": {"path":"/home/dark/Documentos/webapi/app.js","statementMap":{"0":{"start":{"line":1,"column":16},"end":{"line":1,"column":34}},"1":{"start":{"line":2,"column":12},"end":{"line":2,"column":21}},"2":{"start":{"line":3,"column":19},"end":{"line":3,"column":41}},"3":{"start":{"line":4,"column":11},"end":{"line":4,"column":24}},"4":{"start":{"line":5,"column":19},"end":{"line":5,"column":21}},"5":{"start":{"line":6,"column":19},"end":{"line":6,"column":32}},"6":{"start":{"line":7,"column":17},"end":{"line":7,"column":19}},"7":{"start":{"line":9,"column":21},"end":{"line":9,"column":23}},"8":{"start":{"line":10,"column":22},"end":{"line":10,"column":24}},"9":{"start":{"line":11,"column":24},"end":{"line":11,"column":26}},"10":{"start":{"line":13,"column":0},"end":{"line":13,"column":48}},"11":{"start":{"line":14,"column":0},"end":{"line":14,"column":26}},"12":{"start":{"line":16,"column":15},"end":{"line":16,"column":31}},"13":{"start":{"line":17,"column":0},"end":{"line":17,"column":101}},"14":{"start":{"line":17,"column":39},"end":{"line":17,"column":100}},"15":{"start":{"line":19,"column":25},"end":{"line":30,"column":1}},"16":{"start":{"line":22,"column":4},"end":{"line":24,"column":5}},"17":{"start":{"line":23,"column":6},"end":{"line":23,"column":97}},"18":{"start":{"line":23,"column":49},"end":{"line":23,"column":91}},"19":{"start":{"line":27,"column":4},"end":{"line":29,"column":11}},"20":{"start":{"line":28,"column":6},"end":{"line":28,"column":100}},"21":{"start":{"line":32,"column":20},"end":{"line":165,"column":1}},"22":{"start":{"line":34,"column":28},"end":{"line":34,"column":32}},"23":{"start":{"line":37,"column":4},"end":{"line":50,"column":5}},"24":{"start":{"line":39,"column":26},"end":{"line":39,"column":31}},"25":{"start":{"line":41,"column":8},"end":{"line":46,"column":10}},"26":{"start":{"line":42,"column":12},"end":{"line":45,"column":13}},"27":{"start":{"line":43,"column":16},"end":{"line":43,"column":39}},"28":{"start":{"line":44,"column":16},"end":{"line":44,"column":34}},"29":{"start":{"line":48,"column":8},"end":{"line":49,"column":68}},"30":{"start":{"line":49,"column":12},"end":{"line":49,"column":68}},"31":{"start":{"line":52,"column":4},"end":{"line":65,"column":5}},"32":{"start":{"line":54,"column":31},"end":{"line":54,"column":36}},"33":{"start":{"line":56,"column":8},"end":{"line":61,"column":10}},"34":{"start":{"line":57,"column":12},"end":{"line":60,"column":13}},"35":{"start":{"line":58,"column":16},"end":{"line":58,"column":39}},"36":{"start":{"line":59,"column":16},"end":{"line":59,"column":39}},"37":{"start":{"line":63,"column":8},"end":{"line":64,"column":64}},"38":{"start":{"line":64,"column":12},"end":{"line":64,"column":64}},"39":{"start":{"line":67,"column":4},"end":{"line":162,"column":5}},"40":{"start":{"line":68,"column":8},"end":{"line":158,"column":9}},"41":{"start":{"line":71,"column":27},"end":{"line":71,"column":31}},"42":{"start":{"line":72,"column":31},"end":{"line":72,"column":32}},"43":{"start":{"line":73,"column":34},"end":{"line":73,"column":95}},"44":{"start":{"line":75,"column":12},"end":{"line":93,"column":14}},"45":{"start":{"line":77,"column":16},"end":{"line":79,"column":17}},"46":{"start":{"line":78,"column":20},"end":{"line":78,"column":74}},"47":{"start":{"line":81,"column":16},"end":{"line":83,"column":17}},"48":{"start":{"line":82,"column":20},"end":{"line":82,"column":80}},"49":{"start":{"line":85,"column":16},"end":{"line":87,"column":17}},"50":{"start":{"line":86,"column":20},"end":{"line":86,"column":77}},"51":{"start":{"line":89,"column":16},"end":{"line":91,"column":17}},"52":{"start":{"line":90,"column":20},"end":{"line":90,"column":77}},"53":{"start":{"line":95,"column":27},"end":{"line":95,"column":64}},"54":{"start":{"line":96,"column":34},"end":{"line":96,"column":60}},"55":{"start":{"line":99,"column":12},"end":{"line":137,"column":13}},"56":{"start":{"line":101,"column":38},"end":{"line":101,"column":43}},"57":{"start":{"line":103,"column":16},"end":{"line":136,"column":17}},"58":{"start":{"line":105,"column":20},"end":{"line":135,"column":22}},"59":{"start":{"line":107,"column":38},"end":{"line":107,"column":50}},"60":{"start":{"line":109,"column":24},"end":{"line":110,"column":58}},"61":{"start":{"line":110,"column":28},"end":{"line":110,"column":58}},"62":{"start":{"line":112,"column":24},"end":{"line":113,"column":79}},"63":{"start":{"line":113,"column":28},"end":{"line":113,"column":79}},"64":{"start":{"line":115,"column":24},"end":{"line":134,"column":25}},"65":{"start":{"line":117,"column":47},"end":{"line":117,"column":49}},"66":{"start":{"line":119,"column":28},"end":{"line":121,"column":30}},"67":{"start":{"line":120,"column":32},"end":{"line":120,"column":62}},"68":{"start":{"line":123,"column":28},"end":{"line":133,"column":29}},"69":{"start":{"line":124,"column":32},"end":{"line":132,"column":33}},"70":{"start":{"line":126,"column":36},"end":{"line":126,"column":67}},"71":{"start":{"line":127,"column":36},"end":{"line":127,"column":58}},"72":{"start":{"line":128,"column":36},"end":{"line":128,"column":90}},"73":{"start":{"line":129,"column":36},"end":{"line":129,"column":52}},"74":{"start":{"line":130,"column":36},"end":{"line":130,"column":58}},"75":{"start":{"line":131,"column":36},"end":{"line":131,"column":146}},"76":{"start":{"line":153,"column":12},"end":{"line":157,"column":13}},"77":{"start":{"line":154,"column":16},"end":{"line":154,"column":47}},"78":{"start":{"line":155,"column":16},"end":{"line":155,"column":85}},"79":{"start":{"line":156,"column":16},"end":{"line":156,"column":48}},"80":{"start":{"line":161,"column":8},"end":{"line":161,"column":95}},"81":{"start":{"line":167,"column":22},"end":{"line":175,"column":1}},"82":{"start":{"line":172,"column":4},"end":{"line":172,"column":40}},"83":{"start":{"line":173,"column":4},"end":{"line":173,"column":82}},"84":{"start":{"line":174,"column":4},"end":{"line":174,"column":45}},"85":{"start":{"line":177,"column":24},"end":{"line":218,"column":1}},"86":{"start":{"line":182,"column":4},"end":{"line":217,"column":4}},"87":{"start":{"line":183,"column":8},"end":{"line":188,"column":10}},"88":{"start":{"line":191,"column":9},"end":{"line":217,"column":4}},"89":{"start":{"line":194,"column":8},"end":{"line":204,"column":9}},"90":{"start":{"line":195,"column":12},"end":{"line":200,"column":14}},"91":{"start":{"line":203,"column":12},"end":{"line":203,"column":63}},"92":{"start":{"line":206,"column":9},"end":{"line":217,"column":4}},"93":{"start":{"line":207,"column":8},"end":{"line":207,"column":55}},"94":{"start":{"line":211,"column":8},"end":{"line":216,"column":10}},"95":{"start":{"line":220,"column":24},"end":{"line":303,"column":1}},"96":{"start":{"line":223,"column":30},"end":{"line":223,"column":35}},"97":{"start":{"line":226,"column":4},"end":{"line":231,"column":5}},"98":{"start":{"line":227,"column":16},"end":{"line":227,"column":55}},"99":{"start":{"line":228,"column":8},"end":{"line":228,"column":25}},"100":{"start":{"line":229,"column":8},"end":{"line":229,"column":31}},"101":{"start":{"line":230,"column":8},"end":{"line":230,"column":33}},"102":{"start":{"line":233,"column":4},"end":{"line":249,"column":5}},"103":{"start":{"line":236,"column":8},"end":{"line":248,"column":10}},"104":{"start":{"line":237,"column":12},"end":{"line":247,"column":13}},"105":{"start":{"line":238,"column":16},"end":{"line":238,"column":36}},"106":{"start":{"line":239,"column":16},"end":{"line":239,"column":58}},"107":{"start":{"line":240,"column":16},"end":{"line":240,"column":59}},"108":{"start":{"line":241,"column":16},"end":{"line":241,"column":42}},"109":{"start":{"line":242,"column":16},"end":{"line":245,"column":17}},"110":{"start":{"line":251,"column":4},"end":{"line":302,"column":5}},"111":{"start":{"line":252,"column":8},"end":{"line":252,"column":46}},"112":{"start":{"line":253,"column":8},"end":{"line":253,"column":59}},"113":{"start":{"line":258,"column":34},"end":{"line":258,"column":39}},"114":{"start":{"line":259,"column":8},"end":{"line":268,"column":10}},"115":{"start":{"line":260,"column":12},"end":{"line":267,"column":13}},"116":{"start":{"line":261,"column":16},"end":{"line":261,"column":42}},"117":{"start":{"line":262,"column":16},"end":{"line":266,"column":45}},"118":{"start":{"line":270,"column":8},"end":{"line":301,"column":9}},"119":{"start":{"line":271,"column":12},"end":{"line":271,"column":63}},"120":{"start":{"line":276,"column":12},"end":{"line":298,"column":13}},"121":{"start":{"line":277,"column":16},"end":{"line":281,"column":18}},"122":{"start":{"line":283,"column":17},"end":{"line":298,"column":13}},"123":{"start":{"line":286,"column":16},"end":{"line":290,"column":18}},"124":{"start":{"line":293,"column":16},"end":{"line":297,"column":18}},"125":{"start":{"line":305,"column":19},"end":{"line":328,"column":1}},"126":{"start":{"line":308,"column":4},"end":{"line":327,"column":6}},"127":{"start":{"line":309,"column":8},"end":{"line":312,"column":9}},"128":{"start":{"line":311,"column":12},"end":{"line":311,"column":70}},"129":{"start":{"line":314,"column":8},"end":{"line":326,"column":9}},"130":{"start":{"line":315,"column":12},"end":{"line":315,"column":55}},"131":{"start":{"line":317,"column":12},"end":{"line":319,"column":14}},"132":{"start":{"line":323,"column":12},"end":{"line":325,"column":14}},"133":{"start":{"line":330,"column":14},"end":{"line":370,"column":1}},"134":{"start":{"line":334,"column":4},"end":{"line":339,"column":5}},"135":{"start":{"line":335,"column":16},"end":{"line":335,"column":55}},"136":{"start":{"line":336,"column":8},"end":{"line":336,"column":25}},"137":{"start":{"line":337,"column":8},"end":{"line":337,"column":29}},"138":{"start":{"line":338,"column":8},"end":{"line":338,"column":31}},"139":{"start":{"line":341,"column":4},"end":{"line":341,"column":38}},"140":{"start":{"line":344,"column":4},"end":{"line":361,"column":5}},"141":{"start":{"line":345,"column":8},"end":{"line":349,"column":10}},"142":{"start":{"line":346,"column":12},"end":{"line":348,"column":13}},"143":{"start":{"line":347,"column":16},"end":{"line":347,"column":37}},"144":{"start":{"line":351,"column":8},"end":{"line":351,"column":50}},"145":{"start":{"line":354,"column":8},"end":{"line":358,"column":10}},"146":{"start":{"line":355,"column":12},"end":{"line":357,"column":13}},"147":{"start":{"line":356,"column":16},"end":{"line":356,"column":37}},"148":{"start":{"line":360,"column":8},"end":{"line":360,"column":46}},"149":{"start":{"line":363,"column":4},"end":{"line":369,"column":5}},"150":{"start":{"line":368,"column":8},"end":{"line":368,"column":61}},"151":{"start":{"line":372,"column":28},"end":{"line":413,"column":1}},"152":{"start":{"line":376,"column":4},"end":{"line":381,"column":5}},"153":{"start":{"line":377,"column":16},"end":{"line":377,"column":55}},"154":{"start":{"line":378,"column":8},"end":{"line":378,"column":25}},"155":{"start":{"line":379,"column":8},"end":{"line":379,"column":28}},"156":{"start":{"line":380,"column":8},"end":{"line":380,"column":30}},"157":{"start":{"line":383,"column":22},"end":{"line":383,"column":58}},"158":{"start":{"line":385,"column":25},"end":{"line":385,"column":30}},"159":{"start":{"line":387,"column":4},"end":{"line":393,"column":6}},"160":{"start":{"line":388,"column":8},"end":{"line":392,"column":9}},"161":{"start":{"line":390,"column":12},"end":{"line":390,"column":33}},"162":{"start":{"line":391,"column":12},"end":{"line":391,"column":33}},"163":{"start":{"line":395,"column":4},"end":{"line":409,"column":5}},"164":{"start":{"line":397,"column":8},"end":{"line":401,"column":10}},"165":{"start":{"line":398,"column":12},"end":{"line":400,"column":13}},"166":{"start":{"line":399,"column":16},"end":{"line":399,"column":37}},"167":{"start":{"line":403,"column":8},"end":{"line":404,"column":54}},"168":{"start":{"line":404,"column":12},"end":{"line":404,"column":54}},"169":{"start":{"line":407,"column":8},"end":{"line":408,"column":50}},"170":{"start":{"line":408,"column":12},"end":{"line":408,"column":50}},"171":{"start":{"line":411,"column":4},"end":{"line":411,"column":63}},"172":{"start":{"line":415,"column":19},"end":{"line":455,"column":1}},"173":{"start":{"line":419,"column":19},"end":{"line":419,"column":21}},"174":{"start":{"line":420,"column":23},"end":{"line":420,"column":27}},"175":{"start":{"line":422,"column":4},"end":{"line":429,"column":6}},"176":{"start":{"line":423,"column":8},"end":{"line":428,"column":10}},"177":{"start":{"line":425,"column":12},"end":{"line":427,"column":13}},"178":{"start":{"line":426,"column":16},"end":{"line":426,"column":60}},"179":{"start":{"line":431,"column":4},"end":{"line":439,"column":5}},"180":{"start":{"line":432,"column":8},"end":{"line":438,"column":10}},"181":{"start":{"line":433,"column":12},"end":{"line":437,"column":14}},"182":{"start":{"line":434,"column":16},"end":{"line":436,"column":17}},"183":{"start":{"line":435,"column":20},"end":{"line":435,"column":67}},"184":{"start":{"line":441,"column":4},"end":{"line":449,"column":6}},"185":{"start":{"line":443,"column":8},"end":{"line":448,"column":9}},"186":{"start":{"line":444,"column":12},"end":{"line":444,"column":32}},"187":{"start":{"line":447,"column":12},"end":{"line":447,"column":31}},"188":{"start":{"line":451,"column":4},"end":{"line":454,"column":20}},"189":{"start":{"line":452,"column":8},"end":{"line":452,"column":19}},"190":{"start":{"line":454,"column":8},"end":{"line":454,"column":20}},"191":{"start":{"line":457,"column":22},"end":{"line":571,"column":1}},"192":{"start":{"line":461,"column":28},"end":{"line":464,"column":29}},"193":{"start":{"line":466,"column":34},"end":{"line":470,"column":37}},"194":{"start":{"line":472,"column":34},"end":{"line":476,"column":37}},"195":{"start":{"line":478,"column":24},"end":{"line":478,"column":29}},"196":{"start":{"line":479,"column":26},"end":{"line":479,"column":31}},"197":{"start":{"line":480,"column":18},"end":{"line":480,"column":48}},"198":{"start":{"line":482,"column":4},"end":{"line":489,"column":6}},"199":{"start":{"line":485,"column":8},"end":{"line":488,"column":9}},"200":{"start":{"line":486,"column":12},"end":{"line":486,"column":32}},"201":{"start":{"line":487,"column":12},"end":{"line":487,"column":60}},"202":{"start":{"line":491,"column":4},"end":{"line":494,"column":5}},"203":{"start":{"line":492,"column":8},"end":{"line":492,"column":28}},"204":{"start":{"line":493,"column":8},"end":{"line":493,"column":56}},"205":{"start":{"line":496,"column":4},"end":{"line":531,"column":5}},"206":{"start":{"line":500,"column":8},"end":{"line":513,"column":10}},"207":{"start":{"line":501,"column":12},"end":{"line":512,"column":14}},"208":{"start":{"line":503,"column":16},"end":{"line":511,"column":17}},"209":{"start":{"line":505,"column":30},"end":{"line":507,"column":31}},"210":{"start":{"line":508,"column":20},"end":{"line":508,"column":42}},"211":{"start":{"line":509,"column":20},"end":{"line":509,"column":45}},"212":{"start":{"line":510,"column":20},"end":{"line":510,"column":62}},"213":{"start":{"line":516,"column":8},"end":{"line":530,"column":9}},"214":{"start":{"line":518,"column":12},"end":{"line":529,"column":14}},"215":{"start":{"line":519,"column":16},"end":{"line":528,"column":18}},"216":{"start":{"line":521,"column":20},"end":{"line":527,"column":21}},"217":{"start":{"line":523,"column":24},"end":{"line":523,"column":46}},"218":{"start":{"line":524,"column":24},"end":{"line":524,"column":80}},"219":{"start":{"line":525,"column":24},"end":{"line":525,"column":92}},"220":{"start":{"line":526,"column":24},"end":{"line":526,"column":66}},"221":{"start":{"line":533,"column":4},"end":{"line":570,"column":5}},"222":{"start":{"line":539,"column":35},"end":{"line":539,"column":40}},"223":{"start":{"line":541,"column":8},"end":{"line":545,"column":10}},"224":{"start":{"line":542,"column":12},"end":{"line":544,"column":13}},"225":{"start":{"line":543,"column":16},"end":{"line":543,"column":43}},"226":{"start":{"line":547,"column":8},"end":{"line":569,"column":9}},"227":{"start":{"line":548,"column":12},"end":{"line":553,"column":14}},"228":{"start":{"line":555,"column":13},"end":{"line":569,"column":9}},"229":{"start":{"line":556,"column":12},"end":{"line":561,"column":14}},"230":{"start":{"line":564,"column":12},"end":{"line":568,"column":14}},"231":{"start":{"line":573,"column":24},"end":{"line":581,"column":1}},"232":{"start":{"line":576,"column":4},"end":{"line":580,"column":5}},"233":{"start":{"line":577,"column":8},"end":{"line":577,"column":52}},"234":{"start":{"line":579,"column":8},"end":{"line":579,"column":101}},"235":{"start":{"line":583,"column":0},"end":{"line":583,"column":20}},"236":{"start":{"line":584,"column":0},"end":{"line":584,"column":39}},"237":{"start":{"line":585,"column":0},"end":{"line":585,"column":54}},"238":{"start":{"line":586,"column":0},"end":{"line":586,"column":34}},"239":{"start":{"line":587,"column":0},"end":{"line":587,"column":47}},"240":{"start":{"line":588,"column":0},"end":{"line":588,"column":50}},"241":{"start":{"line":589,"column":0},"end":{"line":591,"column":2}},"242":{"start":{"line":590,"column":4},"end":{"line":590,"column":62}},"243":{"start":{"line":593,"column":0},"end":{"line":593,"column":20}},"244":{"start":{"line":594,"column":0},"end":{"line":594,"column":30}}},"fnMap":{"0":{"name":"(anonymous_0)","decl":{"start":{"line":17,"column":16},"end":{"line":17,"column":17}},"loc":{"start":{"line":17,"column":39},"end":{"line":17,"column":100}},"line":17},"1":{"name":"(anonymous_1)","decl":{"start":{"line":19,"column":25},"end":{"line":19,"column":26}},"loc":{"start":{"line":19,"column":37},"end":{"line":30,"column":1}},"line":19},"2":{"name":"(anonymous_2)","decl":{"start":{"line":23,"column":27},"end":{"line":23,"column":28}},"loc":{"start":{"line":23,"column":49},"end":{"line":23,"column":91}},"line":23},"3":{"name":"(anonymous_3)","decl":{"start":{"line":27,"column":38},"end":{"line":27,"column":39}},"loc":{"start":{"line":28,"column":6},"end":{"line":28,"column":100}},"line":28},"4":{"name":"(anonymous_4)","decl":{"start":{"line":32,"column":20},"end":{"line":32,"column":21}},"loc":{"start":{"line":32,"column":42},"end":{"line":165,"column":1}},"line":32},"5":{"name":"(anonymous_5)","decl":{"start":{"line":41,"column":47},"end":{"line":41,"column":48}},"loc":{"start":{"line":41,"column":62},"end":{"line":46,"column":9}},"line":41},"6":{"name":"(anonymous_6)","decl":{"start":{"line":56,"column":43},"end":{"line":56,"column":44}},"loc":{"start":{"line":56,"column":58},"end":{"line":61,"column":9}},"line":56},"7":{"name":"(anonymous_7)","decl":{"start":{"line":75,"column":63},"end":{"line":75,"column":64}},"loc":{"start":{"line":75,"column":77},"end":{"line":93,"column":13}},"line":75},"8":{"name":"(anonymous_8)","decl":{"start":{"line":105,"column":48},"end":{"line":105,"column":49}},"loc":{"start":{"line":105,"column":62},"end":{"line":135,"column":21}},"line":105},"9":{"name":"(anonymous_9)","decl":{"start":{"line":119,"column":62},"end":{"line":119,"column":63}},"loc":{"start":{"line":119,"column":77},"end":{"line":121,"column":29}},"line":119},"10":{"name":"(anonymous_10)","decl":{"start":{"line":167,"column":22},"end":{"line":167,"column":23}},"loc":{"start":{"line":167,"column":64},"end":{"line":175,"column":1}},"line":167},"11":{"name":"(anonymous_11)","decl":{"start":{"line":177,"column":24},"end":{"line":177,"column":25}},"loc":{"start":{"line":177,"column":47},"end":{"line":218,"column":1}},"line":177},"12":{"name":"(anonymous_12)","decl":{"start":{"line":220,"column":24},"end":{"line":220,"column":25}},"loc":{"start":{"line":220,"column":46},"end":{"line":303,"column":1}},"line":220},"13":{"name":"(anonymous_13)","decl":{"start":{"line":236,"column":43},"end":{"line":236,"column":44}},"loc":{"start":{"line":236,"column":57},"end":{"line":248,"column":9}},"line":236},"14":{"name":"(anonymous_14)","decl":{"start":{"line":259,"column":47},"end":{"line":259,"column":48}},"loc":{"start":{"line":259,"column":61},"end":{"line":268,"column":9}},"line":259},"15":{"name":"(anonymous_15)","decl":{"start":{"line":305,"column":19},"end":{"line":305,"column":20}},"loc":{"start":{"line":305,"column":42},"end":{"line":328,"column":1}},"line":305},"16":{"name":"(anonymous_16)","decl":{"start":{"line":308,"column":46},"end":{"line":308,"column":47}},"loc":{"start":{"line":308,"column":65},"end":{"line":327,"column":5}},"line":308},"17":{"name":"(anonymous_17)","decl":{"start":{"line":330,"column":14},"end":{"line":330,"column":15}},"loc":{"start":{"line":330,"column":72},"end":{"line":370,"column":1}},"line":330},"18":{"name":"(anonymous_18)","decl":{"start":{"line":345,"column":47},"end":{"line":345,"column":48}},"loc":{"start":{"line":345,"column":62},"end":{"line":349,"column":9}},"line":345},"19":{"name":"(anonymous_19)","decl":{"start":{"line":354,"column":43},"end":{"line":354,"column":44}},"loc":{"start":{"line":354,"column":58},"end":{"line":358,"column":9}},"line":354},"20":{"name":"(anonymous_20)","decl":{"start":{"line":372,"column":28},"end":{"line":372,"column":29}},"loc":{"start":{"line":372,"column":58},"end":{"line":413,"column":1}},"line":372},"21":{"name":"(anonymous_21)","decl":{"start":{"line":387,"column":39},"end":{"line":387,"column":40}},"loc":{"start":{"line":387,"column":54},"end":{"line":393,"column":5}},"line":387},"22":{"name":"(anonymous_22)","decl":{"start":{"line":397,"column":47},"end":{"line":397,"column":48}},"loc":{"start":{"line":397,"column":62},"end":{"line":401,"column":9}},"line":397},"23":{"name":"(anonymous_23)","decl":{"start":{"line":415,"column":19},"end":{"line":415,"column":20}},"loc":{"start":{"line":415,"column":27},"end":{"line":455,"column":1}},"line":415},"24":{"name":"(anonymous_24)","decl":{"start":{"line":422,"column":40},"end":{"line":422,"column":41}},"loc":{"start":{"line":422,"column":54},"end":{"line":429,"column":5}},"line":422},"25":{"name":"(anonymous_25)","decl":{"start":{"line":423,"column":50},"end":{"line":423,"column":51}},"loc":{"start":{"line":423,"column":65},"end":{"line":428,"column":9}},"line":423},"26":{"name":"(anonymous_26)","decl":{"start":{"line":432,"column":47},"end":{"line":432,"column":48}},"loc":{"start":{"line":432,"column":61},"end":{"line":438,"column":9}},"line":432},"27":{"name":"(anonymous_27)","decl":{"start":{"line":433,"column":57},"end":{"line":433,"column":58}},"loc":{"start":{"line":433,"column":72},"end":{"line":437,"column":13}},"line":433},"28":{"name":"(anonymous_28)","decl":{"start":{"line":441,"column":36},"end":{"line":441,"column":37}},"loc":{"start":{"line":441,"column":50},"end":{"line":449,"column":5}},"line":441},"29":{"name":"(anonymous_29)","decl":{"start":{"line":457,"column":22},"end":{"line":457,"column":23}},"loc":{"start":{"line":457,"column":66},"end":{"line":571,"column":1}},"line":457},"30":{"name":"(anonymous_30)","decl":{"start":{"line":482,"column":36},"end":{"line":482,"column":37}},"loc":{"start":{"line":482,"column":50},"end":{"line":489,"column":5}},"line":482},"31":{"name":"(anonymous_31)","decl":{"start":{"line":500,"column":44},"end":{"line":500,"column":45}},"loc":{"start":{"line":500,"column":58},"end":{"line":513,"column":9}},"line":500},"32":{"name":"(anonymous_32)","decl":{"start":{"line":501,"column":54},"end":{"line":501,"column":55}},"loc":{"start":{"line":501,"column":69},"end":{"line":512,"column":13}},"line":501},"33":{"name":"(anonymous_33)","decl":{"start":{"line":518,"column":51},"end":{"line":518,"column":52}},"loc":{"start":{"line":518,"column":65},"end":{"line":529,"column":13}},"line":518},"34":{"name":"(anonymous_34)","decl":{"start":{"line":519,"column":61},"end":{"line":519,"column":62}},"loc":{"start":{"line":519,"column":76},"end":{"line":528,"column":17}},"line":519},"35":{"name":"(anonymous_35)","decl":{"start":{"line":541,"column":45},"end":{"line":541,"column":46}},"loc":{"start":{"line":541,"column":59},"end":{"line":545,"column":9}},"line":541},"36":{"name":"(anonymous_36)","decl":{"start":{"line":573,"column":24},"end":{"line":573,"column":25}},"loc":{"start":{"line":573,"column":46},"end":{"line":581,"column":1}},"line":573},"37":{"name":"(anonymous_37)","decl":{"start":{"line":589,"column":13},"end":{"line":589,"column":14}},"loc":{"start":{"line":589,"column":27},"end":{"line":591,"column":1}},"line":589}},"branchMap":{"0":{"loc":{"start":{"line":22,"column":4},"end":{"line":24,"column":5}},"type":"if","locations":[{"start":{"line":22,"column":4},"end":{"line":24,"column":5}},{"start":{"line":22,"column":4},"end":{"line":24,"column":5}}],"line":22},"1":{"loc":{"start":{"line":28,"column":26},"end":{"line":28,"column":97}},"type":"cond-expr","locations":[{"start":{"line":28,"column":48},"end":{"line":28,"column":70}},{"start":{"line":28,"column":73},"end":{"line":28,"column":97}}],"line":28},"2":{"loc":{"start":{"line":37,"column":4},"end":{"line":50,"column":5}},"type":"if","locations":[{"start":{"line":37,"column":4},"end":{"line":50,"column":5}},{"start":{"line":37,"column":4},"end":{"line":50,"column":5}}],"line":37},"3":{"loc":{"start":{"line":42,"column":12},"end":{"line":45,"column":13}},"type":"if","locations":[{"start":{"line":42,"column":12},"end":{"line":45,"column":13}},{"start":{"line":42,"column":12},"end":{"line":45,"column":13}}],"line":42},"4":{"loc":{"start":{"line":48,"column":8},"end":{"line":49,"column":68}},"type":"if","locations":[{"start":{"line":48,"column":8},"end":{"line":49,"column":68}},{"start":{"line":48,"column":8},"end":{"line":49,"column":68}}],"line":48},"5":{"loc":{"start":{"line":52,"column":4},"end":{"line":65,"column":5}},"type":"if","locations":[{"start":{"line":52,"column":4},"end":{"line":65,"column":5}},{"start":{"line":52,"column":4},"end":{"line":65,"column":5}}],"line":52},"6":{"loc":{"start":{"line":57,"column":12},"end":{"line":60,"column":13}},"type":"if","locations":[{"start":{"line":57,"column":12},"end":{"line":60,"column":13}},{"start":{"line":57,"column":12},"end":{"line":60,"column":13}}],"line":57},"7":{"loc":{"start":{"line":63,"column":8},"end":{"line":64,"column":64}},"type":"if","locations":[{"start":{"line":63,"column":8},"end":{"line":64,"column":64}},{"start":{"line":63,"column":8},"end":{"line":64,"column":64}}],"line":63},"8":{"loc":{"start":{"line":67,"column":4},"end":{"line":162,"column":5}},"type":"if","locations":[{"start":{"line":67,"column":4},"end":{"line":162,"column":5}},{"start":{"line":67,"column":4},"end":{"line":162,"column":5}}],"line":67},"9":{"loc":{"start":{"line":67,"column":7},"end":{"line":67,"column":89}},"type":"binary-expr","locations":[{"start":{"line":67,"column":7},"end":{"line":67,"column":41}},{"start":{"line":67,"column":45},"end":{"line":67,"column":89}}],"line":67},"10":{"loc":{"start":{"line":68,"column":8},"end":{"line":158,"column":9}},"type":"if","locations":[{"start":{"line":68,"column":8},"end":{"line":158,"column":9}},{"start":{"line":68,"column":8},"end":{"line":158,"column":9}}],"line":68},"11":{"loc":{"start":{"line":77,"column":16},"end":{"line":79,"column":17}},"type":"if","locations":[{"start":{"line":77,"column":16},"end":{"line":79,"column":17}},{"start":{"line":77,"column":16},"end":{"line":79,"column":17}}],"line":77},"12":{"loc":{"start":{"line":81,"column":16},"end":{"line":83,"column":17}},"type":"if","locations":[{"start":{"line":81,"column":16},"end":{"line":83,"column":17}},{"start":{"line":81,"column":16},"end":{"line":83,"column":17}}],"line":81},"13":{"loc":{"start":{"line":85,"column":16},"end":{"line":87,"column":17}},"type":"if","locations":[{"start":{"line":85,"column":16},"end":{"line":87,"column":17}},{"start":{"line":85,"column":16},"end":{"line":87,"column":17}}],"line":85},"14":{"loc":{"start":{"line":89,"column":16},"end":{"line":91,"column":17}},"type":"if","locations":[{"start":{"line":89,"column":16},"end":{"line":91,"column":17}},{"start":{"line":89,"column":16},"end":{"line":91,"column":17}}],"line":89},"15":{"loc":{"start":{"line":99,"column":12},"end":{"line":137,"column":13}},"type":"if","locations":[{"start":{"line":99,"column":12},"end":{"line":137,"column":13}},{"start":{"line":99,"column":12},"end":{"line":137,"column":13}}],"line":99},"16":{"loc":{"start":{"line":99,"column":15},"end":{"line":99,"column":93}},"type":"binary-expr","locations":[{"start":{"line":99,"column":15},"end":{"line":99,"column":51}},{"start":{"line":99,"column":55},"end":{"line":99,"column":93}}],"line":99},"17":{"loc":{"start":{"line":103,"column":16},"end":{"line":136,"column":17}},"type":"if","locations":[{"start":{"line":103,"column":16},"end":{"line":136,"column":17}},{"start":{"line":103,"column":16},"end":{"line":136,"column":17}}],"line":103},"18":{"loc":{"start":{"line":109,"column":24},"end":{"line":110,"column":58}},"type":"if","locations":[{"start":{"line":109,"column":24},"end":{"line":110,"column":58}},{"start":{"line":109,"column":24},"end":{"line":110,"column":58}}],"line":109},"19":{"loc":{"start":{"line":112,"column":24},"end":{"line":113,"column":79}},"type":"if","locations":[{"start":{"line":112,"column":24},"end":{"line":113,"column":79}},{"start":{"line":112,"column":24},"end":{"line":113,"column":79}}],"line":112},"20":{"loc":{"start":{"line":115,"column":24},"end":{"line":134,"column":25}},"type":"if","locations":[{"start":{"line":115,"column":24},"end":{"line":134,"column":25}},{"start":{"line":115,"column":24},"end":{"line":134,"column":25}}],"line":115},"21":{"loc":{"start":{"line":123,"column":28},"end":{"line":133,"column":29}},"type":"if","locations":[{"start":{"line":123,"column":28},"end":{"line":133,"column":29}},{"start":{"line":123,"column":28},"end":{"line":133,"column":29}}],"line":123},"22":{"loc":{"start":{"line":124,"column":32},"end":{"line":132,"column":33}},"type":"if","locations":[{"start":{"line":124,"column":32},"end":{"line":132,"column":33}},{"start":{"line":124,"column":32},"end":{"line":132,"column":33}}],"line":124},"23":{"loc":{"start":{"line":153,"column":12},"end":{"line":157,"column":13}},"type":"if","locations":[{"start":{"line":153,"column":12},"end":{"line":157,"column":13}},{"start":{"line":153,"column":12},"end":{"line":157,"column":13}}],"line":153},"24":{"loc":{"start":{"line":153,"column":15},"end":{"line":153,"column":123}},"type":"binary-expr","locations":[{"start":{"line":153,"column":15},"end":{"line":153,"column":23}},{"start":{"line":153,"column":28},"end":{"line":153,"column":80}},{"start":{"line":153,"column":84},"end":{"line":153,"column":122}}],"line":153},"25":{"loc":{"start":{"line":182,"column":4},"end":{"line":217,"column":4}},"type":"if","locations":[{"start":{"line":182,"column":4},"end":{"line":217,"column":4}},{"start":{"line":182,"column":4},"end":{"line":217,"column":4}}],"line":182},"26":{"loc":{"start":{"line":191,"column":9},"end":{"line":217,"column":4}},"type":"if","locations":[{"start":{"line":191,"column":9},"end":{"line":217,"column":4}},{"start":{"line":191,"column":9},"end":{"line":217,"column":4}}],"line":191},"27":{"loc":{"start":{"line":191,"column":12},"end":{"line":191,"column":136}},"type":"binary-expr","locations":[{"start":{"line":191,"column":12},"end":{"line":191,"column":46}},{"start":{"line":191,"column":51},"end":{"line":191,"column":89}},{"start":{"line":191,"column":93},"end":{"line":191,"column":135}}],"line":191},"28":{"loc":{"start":{"line":194,"column":8},"end":{"line":204,"column":9}},"type":"if","locations":[{"start":{"line":194,"column":8},"end":{"line":204,"column":9}},{"start":{"line":194,"column":8},"end":{"line":204,"column":9}}],"line":194},"29":{"loc":{"start":{"line":206,"column":9},"end":{"line":217,"column":4}},"type":"if","locations":[{"start":{"line":206,"column":9},"end":{"line":217,"column":4}},{"start":{"line":206,"column":9},"end":{"line":217,"column":4}}],"line":206},"30":{"loc":{"start":{"line":226,"column":4},"end":{"line":231,"column":5}},"type":"if","locations":[{"start":{"line":226,"column":4},"end":{"line":231,"column":5}},{"start":{"line":226,"column":4},"end":{"line":231,"column":5}}],"line":226},"31":{"loc":{"start":{"line":233,"column":4},"end":{"line":249,"column":5}},"type":"if","locations":[{"start":{"line":233,"column":4},"end":{"line":249,"column":5}},{"start":{"line":233,"column":4},"end":{"line":249,"column":5}}],"line":233},"32":{"loc":{"start":{"line":237,"column":12},"end":{"line":247,"column":13}},"type":"if","locations":[{"start":{"line":237,"column":12},"end":{"line":247,"column":13}},{"start":{"line":237,"column":12},"end":{"line":247,"column":13}}],"line":237},"33":{"loc":{"start":{"line":251,"column":4},"end":{"line":302,"column":5}},"type":"if","locations":[{"start":{"line":251,"column":4},"end":{"line":302,"column":5}},{"start":{"line":251,"column":4},"end":{"line":302,"column":5}}],"line":251},"34":{"loc":{"start":{"line":260,"column":12},"end":{"line":267,"column":13}},"type":"if","locations":[{"start":{"line":260,"column":12},"end":{"line":267,"column":13}},{"start":{"line":260,"column":12},"end":{"line":267,"column":13}}],"line":260},"35":{"loc":{"start":{"line":270,"column":8},"end":{"line":301,"column":9}},"type":"if","locations":[{"start":{"line":270,"column":8},"end":{"line":301,"column":9}},{"start":{"line":270,"column":8},"end":{"line":301,"column":9}}],"line":270},"36":{"loc":{"start":{"line":276,"column":12},"end":{"line":298,"column":13}},"type":"if","locations":[{"start":{"line":276,"column":12},"end":{"line":298,"column":13}},{"start":{"line":276,"column":12},"end":{"line":298,"column":13}}],"line":276},"37":{"loc":{"start":{"line":283,"column":17},"end":{"line":298,"column":13}},"type":"if","locations":[{"start":{"line":283,"column":17},"end":{"line":298,"column":13}},{"start":{"line":283,"column":17},"end":{"line":298,"column":13}}],"line":283},"38":{"loc":{"start":{"line":309,"column":8},"end":{"line":312,"column":9}},"type":"if","locations":[{"start":{"line":309,"column":8},"end":{"line":312,"column":9}},{"start":{"line":309,"column":8},"end":{"line":312,"column":9}}],"line":309},"39":{"loc":{"start":{"line":314,"column":8},"end":{"line":326,"column":9}},"type":"if","locations":[{"start":{"line":314,"column":8},"end":{"line":326,"column":9}},{"start":{"line":314,"column":8},"end":{"line":326,"column":9}}],"line":314},"40":{"loc":{"start":{"line":334,"column":4},"end":{"line":339,"column":5}},"type":"if","locations":[{"start":{"line":334,"column":4},"end":{"line":339,"column":5}},{"start":{"line":334,"column":4},"end":{"line":339,"column":5}}],"line":334},"41":{"loc":{"start":{"line":344,"column":4},"end":{"line":361,"column":5}},"type":"if","locations":[{"start":{"line":344,"column":4},"end":{"line":361,"column":5}},{"start":{"line":344,"column":4},"end":{"line":361,"column":5}}],"line":344},"42":{"loc":{"start":{"line":346,"column":12},"end":{"line":348,"column":13}},"type":"if","locations":[{"start":{"line":346,"column":12},"end":{"line":348,"column":13}},{"start":{"line":346,"column":12},"end":{"line":348,"column":13}}],"line":346},"43":{"loc":{"start":{"line":355,"column":12},"end":{"line":357,"column":13}},"type":"if","locations":[{"start":{"line":355,"column":12},"end":{"line":357,"column":13}},{"start":{"line":355,"column":12},"end":{"line":357,"column":13}}],"line":355},"44":{"loc":{"start":{"line":363,"column":4},"end":{"line":369,"column":5}},"type":"if","locations":[{"start":{"line":363,"column":4},"end":{"line":369,"column":5}},{"start":{"line":363,"column":4},"end":{"line":369,"column":5}}],"line":363},"45":{"loc":{"start":{"line":376,"column":4},"end":{"line":381,"column":5}},"type":"if","locations":[{"start":{"line":376,"column":4},"end":{"line":381,"column":5}},{"start":{"line":376,"column":4},"end":{"line":381,"column":5}}],"line":376},"46":{"loc":{"start":{"line":388,"column":8},"end":{"line":392,"column":9}},"type":"if","locations":[{"start":{"line":388,"column":8},"end":{"line":392,"column":9}},{"start":{"line":388,"column":8},"end":{"line":392,"column":9}}],"line":388},"47":{"loc":{"start":{"line":395,"column":4},"end":{"line":409,"column":5}},"type":"if","locations":[{"start":{"line":395,"column":4},"end":{"line":409,"column":5}},{"start":{"line":395,"column":4},"end":{"line":409,"column":5}}],"line":395},"48":{"loc":{"start":{"line":398,"column":12},"end":{"line":400,"column":13}},"type":"if","locations":[{"start":{"line":398,"column":12},"end":{"line":400,"column":13}},{"start":{"line":398,"column":12},"end":{"line":400,"column":13}}],"line":398},"49":{"loc":{"start":{"line":403,"column":8},"end":{"line":404,"column":54}},"type":"if","locations":[{"start":{"line":403,"column":8},"end":{"line":404,"column":54}},{"start":{"line":403,"column":8},"end":{"line":404,"column":54}}],"line":403},"50":{"loc":{"start":{"line":407,"column":8},"end":{"line":408,"column":50}},"type":"if","locations":[{"start":{"line":407,"column":8},"end":{"line":408,"column":50}},{"start":{"line":407,"column":8},"end":{"line":408,"column":50}}],"line":407},"51":{"loc":{"start":{"line":425,"column":12},"end":{"line":427,"column":13}},"type":"if","locations":[{"start":{"line":425,"column":12},"end":{"line":427,"column":13}},{"start":{"line":425,"column":12},"end":{"line":427,"column":13}}],"line":425},"52":{"loc":{"start":{"line":431,"column":4},"end":{"line":439,"column":5}},"type":"if","locations":[{"start":{"line":431,"column":4},"end":{"line":439,"column":5}},{"start":{"line":431,"column":4},"end":{"line":439,"column":5}}],"line":431},"53":{"loc":{"start":{"line":434,"column":16},"end":{"line":436,"column":17}},"type":"if","locations":[{"start":{"line":434,"column":16},"end":{"line":436,"column":17}},{"start":{"line":434,"column":16},"end":{"line":436,"column":17}}],"line":434},"54":{"loc":{"start":{"line":443,"column":8},"end":{"line":448,"column":9}},"type":"if","locations":[{"start":{"line":443,"column":8},"end":{"line":448,"column":9}},{"start":{"line":443,"column":8},"end":{"line":448,"column":9}}],"line":443},"55":{"loc":{"start":{"line":451,"column":4},"end":{"line":454,"column":20}},"type":"if","locations":[{"start":{"line":451,"column":4},"end":{"line":454,"column":20}},{"start":{"line":451,"column":4},"end":{"line":454,"column":20}}],"line":451},"56":{"loc":{"start":{"line":485,"column":8},"end":{"line":488,"column":9}},"type":"if","locations":[{"start":{"line":485,"column":8},"end":{"line":488,"column":9}},{"start":{"line":485,"column":8},"end":{"line":488,"column":9}}],"line":485},"57":{"loc":{"start":{"line":491,"column":4},"end":{"line":494,"column":5}},"type":"if","locations":[{"start":{"line":491,"column":4},"end":{"line":494,"column":5}},{"start":{"line":491,"column":4},"end":{"line":494,"column":5}}],"line":491},"58":{"loc":{"start":{"line":496,"column":4},"end":{"line":531,"column":5}},"type":"if","locations":[{"start":{"line":496,"column":4},"end":{"line":531,"column":5}},{"start":{"line":496,"column":4},"end":{"line":531,"column":5}}],"line":496},"59":{"loc":{"start":{"line":503,"column":16},"end":{"line":511,"column":17}},"type":"if","locations":[{"start":{"line":503,"column":16},"end":{"line":511,"column":17}},{"start":{"line":503,"column":16},"end":{"line":511,"column":17}}],"line":503},"60":{"loc":{"start":{"line":516,"column":8},"end":{"line":530,"column":9}},"type":"if","locations":[{"start":{"line":516,"column":8},"end":{"line":530,"column":9}},{"start":{"line":516,"column":8},"end":{"line":530,"column":9}}],"line":516},"61":{"loc":{"start":{"line":521,"column":20},"end":{"line":527,"column":21}},"type":"if","locations":[{"start":{"line":521,"column":20},"end":{"line":527,"column":21}},{"start":{"line":521,"column":20},"end":{"line":527,"column":21}}],"line":521},"62":{"loc":{"start":{"line":533,"column":4},"end":{"line":570,"column":5}},"type":"if","locations":[{"start":{"line":533,"column":4},"end":{"line":570,"column":5}},{"start":{"line":533,"column":4},"end":{"line":570,"column":5}}],"line":533},"63":{"loc":{"start":{"line":533,"column":7},"end":{"line":533,"column":41}},"type":"binary-expr","locations":[{"start":{"line":533,"column":7},"end":{"line":533,"column":23}},{"start":{"line":533,"column":27},"end":{"line":533,"column":41}}],"line":533},"64":{"loc":{"start":{"line":542,"column":12},"end":{"line":544,"column":13}},"type":"if","locations":[{"start":{"line":542,"column":12},"end":{"line":544,"column":13}},{"start":{"line":542,"column":12},"end":{"line":544,"column":13}}],"line":542},"65":{"loc":{"start":{"line":547,"column":8},"end":{"line":569,"column":9}},"type":"if","locations":[{"start":{"line":547,"column":8},"end":{"line":569,"column":9}},{"start":{"line":547,"column":8},"end":{"line":569,"column":9}}],"line":547},"66":{"loc":{"start":{"line":547,"column":11},"end":{"line":547,"column":73}},"type":"binary-expr","locations":[{"start":{"line":547,"column":11},"end":{"line":547,"column":48}},{"start":{"line":547,"column":52},"end":{"line":547,"column":73}}],"line":547},"67":{"loc":{"start":{"line":555,"column":13},"end":{"line":569,"column":9}},"type":"if","locations":[{"start":{"line":555,"column":13},"end":{"line":569,"column":9}},{"start":{"line":555,"column":13},"end":{"line":569,"column":9}}],"line":555},"68":{"loc":{"start":{"line":555,"column":16},"end":{"line":555,"column":77}},"type":"binary-expr","locations":[{"start":{"line":555,"column":16},"end":{"line":555,"column":52}},{"start":{"line":555,"column":56},"end":{"line":555,"column":77}}],"line":555},"69":{"loc":{"start":{"line":576,"column":4},"end":{"line":580,"column":5}},"type":"if","locations":[{"start":{"line":576,"column":4},"end":{"line":580,"column":5}},{"start":{"line":576,"column":4},"end":{"line":580,"column":5}}],"line":576}},"s":{"0":1,"1":1,"2":1,"3":1,"4":1,"5":1,"6":1,"7":1,"8":1,"9":1,"10":1,"11":1,"12":1,"13":1,"14":2,"15":1,"16":11,"17":4,"18":7,"19":7,"20":21,"21":1,"22":4,"23":4,"24":4,"25":4,"26":1,"27":1,"28":1,"29":4,"30":1,"31":4,"32":4,"33":4,"34":9,"35":3,"36":3,"37":4,"38":3,"39":4,"40":4,"41":4,"42":4,"43":4,"44":4,"45":32,"46":4,"47":32,"48":4,"49":32,"50":4,"51":32,"52":4,"53":4,"54":4,"55":4,"56":4,"57":4,"58":4,"59":21,"60":21,"61":7,"62":21,"63":7,"64":21,"65":7,"66":7,"67":18,"68":7,"69":6,"70":1,"71":1,"72":1,"73":1,"74":1,"75":1,"76":4,"77":3,"78":3,"79":3,"80":0,"81":1,"82":5,"83":5,"84":5,"85":1,"86":7,"87":1,"88":6,"89":2,"90":1,"91":1,"92":4,"93":4,"94":0,"95":1,"96":2,"97":2,"98":1,"99":1,"100":1,"101":1,"102":2,"103":2,"104":1,"105":1,"106":1,"107":1,"108":1,"109":1,"110":2,"111":1,"112":1,"113":1,"114":1,"115":1,"116":0,"117":0,"118":1,"119":0,"120":1,"121":0,"122":1,"123":0,"124":1,"125":1,"126":3,"127":3,"128":0,"129":3,"130":1,"131":1,"132":2,"133":1,"134":1,"135":1,"136":1,"137":1,"138":1,"139":1,"140":1,"141":0,"142":0,"143":0,"144":0,"145":1,"146":3,"147":1,"148":1,"149":1,"150":1,"151":1,"152":3,"153":1,"154":1,"155":1,"156":1,"157":3,"158":3,"159":3,"160":6,"161":2,"162":2,"163":3,"164":1,"165":1,"166":1,"167":1,"168":1,"169":2,"170":2,"171":3,"172":1,"173":4,"174":4,"175":4,"176":7,"177":14,"178":3,"179":4,"180":1,"181":0,"182":0,"183":0,"184":4,"185":3,"186":1,"187":2,"188":4,"189":3,"190":1,"191":1,"192":4,"193":4,"194":4,"195":4,"196":4,"197":4,"198":4,"199":3,"200":0,"201":0,"202":4,"203":1,"204":1,"205":4,"206":3,"207":5,"208":10,"209":2,"210":2,"211":2,"212":2,"213":3,"214":1,"215":0,"216":0,"217":0,"218":0,"219":0,"220":0,"221":4,"222":1,"223":1,"224":1,"225":1,"226":1,"227":0,"228":1,"229":0,"230":1,"231":1,"232":1,"233":1,"234":0,"235":1,"236":1,"237":1,"238":1,"239":1,"240":1,"241":1,"242":0,"243":1,"244":1},"f":{"0":2,"1":11,"2":7,"3":21,"4":4,"5":1,"6":9,"7":32,"8":21,"9":18,"10":5,"11":7,"12":2,"13":1,"14":1,"15":3,"16":3,"17":1,"18":0,"19":3,"20":3,"21":6,"22":1,"23":4,"24":7,"25":14,"26":0,"27":0,"28":3,"29":4,"30":3,"31":5,"32":10,"33":0,"34":0,"35":1,"36":1,"37":0},"b":{"0":[4,7],"1":[0,21],"2":[4,0],"3":[1,0],"4":[1,3],"5":[4,0],"6":[3,6],"7":[3,1],"8":[4,0],"9":[4,4],"10":[4,0],"11":[4,28],"12":[4,28],"13":[4,28],"14":[4,28],"15":[4,0],"16":[4,0],"17":[4,0],"18":[7,14],"19":[7,14],"20":[7,14],"21":[6,1],"22":[1,5],"23":[3,1],"24":[4,3,0],"25":[1,6],"26":[2,4],"27":[6,4,0],"28":[1,1],"29":[4,0],"30":[1,1],"31":[2,0],"32":[1,0],"33":[1,1],"34":[0,1],"35":[0,1],"36":[0,1],"37":[0,1],"38":[0,3],"39":[1,2],"40":[1,0],"41":[0,1],"42":[0,0],"43":[1,2],"44":[1,0],"45":[1,2],"46":[2,4],"47":[1,2],"48":[1,0],"49":[1,0],"50":[2,0],"51":[3,11],"52":[1,3],"53":[0,0],"54":[1,2],"55":[3,1],"56":[0,3],"57":[1,3],"58":[3,1],"59":[2,8],"60":[1,2],"61":[0,0],"62":[1,3],"63":[4,2],"64":[1,0],"65":[0,1],"66":[1,1],"67":[0,1],"68":[1,0],"69":[1,0]},"_coverageSchema":"1a1c01bbd47fc00a2c39e90264f33305004495a9","hash":"06cf86f61dee0bc132cfbde498991c9b21ce62db"}
}
