{"/home/dark/Documentos/webapi/app.js": {"path":"/home/dark/Documentos/webapi/app.js","statementMap":{"0":{"start":{"line":1,"column":16},"end":{"line":1,"column":34}},"1":{"start":{"line":2,"column":12},"end":{"line":2,"column":21}},"2":{"start":{"line":3,"column":19},"end":{"line":3,"column":41}},"3":{"start":{"line":4,"column":11},"end":{"line":4,"column":24}},"4":{"start":{"line":5,"column":19},"end":{"line":5,"column":21}},"5":{"start":{"line":6,"column":19},"end":{"line":6,"column":32}},"6":{"start":{"line":7,"column":17},"end":{"line":7,"column":19}},"7":{"start":{"line":9,"column":21},"end":{"line":9,"column":23}},"8":{"start":{"line":10,"column":22},"end":{"line":10,"column":24}},"9":{"start":{"line":11,"column":24},"end":{"line":11,"column":26}},"10":{"start":{"line":13,"column":0},"end":{"line":13,"column":48}},"11":{"start":{"line":14,"column":0},"end":{"line":14,"column":26}},"12":{"start":{"line":16,"column":15},"end":{"line":16,"column":31}},"13":{"start":{"line":17,"column":0},"end":{"line":17,"column":101}},"14":{"start":{"line":17,"column":39},"end":{"line":17,"column":100}},"15":{"start":{"line":19,"column":25},"end":{"line":30,"column":1}},"16":{"start":{"line":22,"column":4},"end":{"line":24,"column":5}},"17":{"start":{"line":23,"column":6},"end":{"line":23,"column":97}},"18":{"start":{"line":23,"column":49},"end":{"line":23,"column":91}},"19":{"start":{"line":27,"column":4},"end":{"line":29,"column":11}},"20":{"start":{"line":28,"column":6},"end":{"line":28,"column":100}},"21":{"start":{"line":32,"column":23},"end":{"line":118,"column":1}},"22":{"start":{"line":37,"column":19},"end":{"line":37,"column":23}},"23":{"start":{"line":38,"column":23},"end":{"line":38,"column":24}},"24":{"start":{"line":39,"column":26},"end":{"line":39,"column":87}},"25":{"start":{"line":41,"column":4},"end":{"line":59,"column":6}},"26":{"start":{"line":43,"column":8},"end":{"line":45,"column":9}},"27":{"start":{"line":44,"column":12},"end":{"line":44,"column":66}},"28":{"start":{"line":47,"column":8},"end":{"line":49,"column":9}},"29":{"start":{"line":48,"column":12},"end":{"line":48,"column":72}},"30":{"start":{"line":51,"column":8},"end":{"line":53,"column":9}},"31":{"start":{"line":52,"column":12},"end":{"line":52,"column":69}},"32":{"start":{"line":55,"column":8},"end":{"line":57,"column":9}},"33":{"start":{"line":56,"column":12},"end":{"line":56,"column":69}},"34":{"start":{"line":61,"column":19},"end":{"line":61,"column":56}},"35":{"start":{"line":62,"column":26},"end":{"line":62,"column":52}},"36":{"start":{"line":67,"column":4},"end":{"line":98,"column":5}},"37":{"start":{"line":68,"column":8},"end":{"line":97,"column":9}},"38":{"start":{"line":70,"column":12},"end":{"line":96,"column":14}},"39":{"start":{"line":72,"column":30},"end":{"line":72,"column":42}},"40":{"start":{"line":74,"column":16},"end":{"line":75,"column":50}},"41":{"start":{"line":75,"column":20},"end":{"line":75,"column":50}},"42":{"start":{"line":77,"column":16},"end":{"line":78,"column":71}},"43":{"start":{"line":78,"column":20},"end":{"line":78,"column":71}},"44":{"start":{"line":80,"column":16},"end":{"line":95,"column":17}},"45":{"start":{"line":82,"column":39},"end":{"line":82,"column":41}},"46":{"start":{"line":84,"column":20},"end":{"line":86,"column":22}},"47":{"start":{"line":85,"column":24},"end":{"line":85,"column":54}},"48":{"start":{"line":88,"column":20},"end":{"line":94,"column":21}},"49":{"start":{"line":89,"column":24},"end":{"line":89,"column":55}},"50":{"start":{"line":90,"column":24},"end":{"line":90,"column":46}},"51":{"start":{"line":91,"column":24},"end":{"line":91,"column":78}},"52":{"start":{"line":92,"column":24},"end":{"line":92,"column":40}},"53":{"start":{"line":93,"column":24},"end":{"line":93,"column":119}},"54":{"start":{"line":114,"column":4},"end":{"line":117,"column":5}},"55":{"start":{"line":115,"column":8},"end":{"line":115,"column":39}},"56":{"start":{"line":116,"column":8},"end":{"line":116,"column":77}},"57":{"start":{"line":120,"column":24},"end":{"line":161,"column":1}},"58":{"start":{"line":125,"column":4},"end":{"line":160,"column":4}},"59":{"start":{"line":126,"column":8},"end":{"line":131,"column":10}},"60":{"start":{"line":134,"column":9},"end":{"line":160,"column":4}},"61":{"start":{"line":137,"column":8},"end":{"line":147,"column":9}},"62":{"start":{"line":138,"column":12},"end":{"line":143,"column":14}},"63":{"start":{"line":146,"column":12},"end":{"line":146,"column":64}},"64":{"start":{"line":149,"column":9},"end":{"line":160,"column":4}},"65":{"start":{"line":150,"column":8},"end":{"line":150,"column":56}},"66":{"start":{"line":154,"column":8},"end":{"line":159,"column":10}},"67":{"start":{"line":163,"column":24},"end":{"line":246,"column":1}},"68":{"start":{"line":166,"column":30},"end":{"line":166,"column":35}},"69":{"start":{"line":169,"column":4},"end":{"line":174,"column":5}},"70":{"start":{"line":170,"column":16},"end":{"line":170,"column":55}},"71":{"start":{"line":171,"column":8},"end":{"line":171,"column":25}},"72":{"start":{"line":172,"column":8},"end":{"line":172,"column":31}},"73":{"start":{"line":173,"column":8},"end":{"line":173,"column":33}},"74":{"start":{"line":176,"column":4},"end":{"line":192,"column":5}},"75":{"start":{"line":179,"column":8},"end":{"line":191,"column":10}},"76":{"start":{"line":180,"column":12},"end":{"line":190,"column":13}},"77":{"start":{"line":181,"column":16},"end":{"line":181,"column":36}},"78":{"start":{"line":182,"column":16},"end":{"line":182,"column":58}},"79":{"start":{"line":183,"column":16},"end":{"line":183,"column":59}},"80":{"start":{"line":184,"column":16},"end":{"line":184,"column":42}},"81":{"start":{"line":185,"column":16},"end":{"line":188,"column":17}},"82":{"start":{"line":194,"column":4},"end":{"line":245,"column":5}},"83":{"start":{"line":195,"column":8},"end":{"line":195,"column":46}},"84":{"start":{"line":196,"column":8},"end":{"line":196,"column":59}},"85":{"start":{"line":201,"column":34},"end":{"line":201,"column":39}},"86":{"start":{"line":202,"column":8},"end":{"line":211,"column":10}},"87":{"start":{"line":203,"column":12},"end":{"line":210,"column":13}},"88":{"start":{"line":204,"column":16},"end":{"line":204,"column":42}},"89":{"start":{"line":205,"column":16},"end":{"line":209,"column":45}},"90":{"start":{"line":213,"column":8},"end":{"line":244,"column":9}},"91":{"start":{"line":214,"column":12},"end":{"line":214,"column":63}},"92":{"start":{"line":219,"column":12},"end":{"line":241,"column":13}},"93":{"start":{"line":220,"column":16},"end":{"line":224,"column":18}},"94":{"start":{"line":226,"column":17},"end":{"line":241,"column":13}},"95":{"start":{"line":229,"column":16},"end":{"line":233,"column":18}},"96":{"start":{"line":236,"column":16},"end":{"line":240,"column":18}},"97":{"start":{"line":248,"column":19},"end":{"line":271,"column":1}},"98":{"start":{"line":251,"column":4},"end":{"line":270,"column":6}},"99":{"start":{"line":252,"column":8},"end":{"line":255,"column":9}},"100":{"start":{"line":254,"column":12},"end":{"line":254,"column":70}},"101":{"start":{"line":257,"column":8},"end":{"line":269,"column":9}},"102":{"start":{"line":258,"column":12},"end":{"line":258,"column":55}},"103":{"start":{"line":260,"column":12},"end":{"line":262,"column":14}},"104":{"start":{"line":266,"column":12},"end":{"line":268,"column":14}},"105":{"start":{"line":273,"column":14},"end":{"line":313,"column":1}},"106":{"start":{"line":277,"column":4},"end":{"line":282,"column":5}},"107":{"start":{"line":278,"column":16},"end":{"line":278,"column":55}},"108":{"start":{"line":279,"column":8},"end":{"line":279,"column":25}},"109":{"start":{"line":280,"column":8},"end":{"line":280,"column":29}},"110":{"start":{"line":281,"column":8},"end":{"line":281,"column":31}},"111":{"start":{"line":284,"column":4},"end":{"line":284,"column":38}},"112":{"start":{"line":287,"column":4},"end":{"line":304,"column":5}},"113":{"start":{"line":288,"column":8},"end":{"line":292,"column":10}},"114":{"start":{"line":289,"column":12},"end":{"line":291,"column":13}},"115":{"start":{"line":290,"column":16},"end":{"line":290,"column":37}},"116":{"start":{"line":294,"column":8},"end":{"line":294,"column":50}},"117":{"start":{"line":297,"column":8},"end":{"line":301,"column":10}},"118":{"start":{"line":298,"column":12},"end":{"line":300,"column":13}},"119":{"start":{"line":299,"column":16},"end":{"line":299,"column":37}},"120":{"start":{"line":303,"column":8},"end":{"line":303,"column":46}},"121":{"start":{"line":306,"column":4},"end":{"line":312,"column":5}},"122":{"start":{"line":307,"column":8},"end":{"line":310,"column":23}},"123":{"start":{"line":315,"column":28},"end":{"line":356,"column":1}},"124":{"start":{"line":319,"column":4},"end":{"line":324,"column":5}},"125":{"start":{"line":320,"column":16},"end":{"line":320,"column":55}},"126":{"start":{"line":321,"column":8},"end":{"line":321,"column":25}},"127":{"start":{"line":322,"column":8},"end":{"line":322,"column":28}},"128":{"start":{"line":323,"column":8},"end":{"line":323,"column":30}},"129":{"start":{"line":326,"column":22},"end":{"line":326,"column":58}},"130":{"start":{"line":328,"column":25},"end":{"line":328,"column":30}},"131":{"start":{"line":330,"column":4},"end":{"line":336,"column":6}},"132":{"start":{"line":331,"column":8},"end":{"line":335,"column":9}},"133":{"start":{"line":333,"column":12},"end":{"line":333,"column":33}},"134":{"start":{"line":334,"column":12},"end":{"line":334,"column":33}},"135":{"start":{"line":338,"column":4},"end":{"line":352,"column":5}},"136":{"start":{"line":340,"column":8},"end":{"line":344,"column":10}},"137":{"start":{"line":341,"column":12},"end":{"line":343,"column":13}},"138":{"start":{"line":342,"column":16},"end":{"line":342,"column":37}},"139":{"start":{"line":346,"column":8},"end":{"line":347,"column":54}},"140":{"start":{"line":347,"column":12},"end":{"line":347,"column":54}},"141":{"start":{"line":350,"column":8},"end":{"line":351,"column":50}},"142":{"start":{"line":351,"column":12},"end":{"line":351,"column":50}},"143":{"start":{"line":354,"column":4},"end":{"line":354,"column":63}},"144":{"start":{"line":355,"column":4},"end":{"line":355,"column":40}},"145":{"start":{"line":358,"column":19},"end":{"line":398,"column":1}},"146":{"start":{"line":362,"column":19},"end":{"line":362,"column":21}},"147":{"start":{"line":363,"column":23},"end":{"line":363,"column":27}},"148":{"start":{"line":365,"column":4},"end":{"line":372,"column":6}},"149":{"start":{"line":366,"column":8},"end":{"line":371,"column":10}},"150":{"start":{"line":368,"column":12},"end":{"line":370,"column":13}},"151":{"start":{"line":369,"column":16},"end":{"line":369,"column":60}},"152":{"start":{"line":374,"column":4},"end":{"line":382,"column":5}},"153":{"start":{"line":375,"column":8},"end":{"line":381,"column":10}},"154":{"start":{"line":376,"column":12},"end":{"line":380,"column":14}},"155":{"start":{"line":377,"column":16},"end":{"line":379,"column":17}},"156":{"start":{"line":378,"column":20},"end":{"line":378,"column":67}},"157":{"start":{"line":384,"column":4},"end":{"line":392,"column":6}},"158":{"start":{"line":386,"column":8},"end":{"line":391,"column":9}},"159":{"start":{"line":387,"column":12},"end":{"line":387,"column":32}},"160":{"start":{"line":390,"column":12},"end":{"line":390,"column":31}},"161":{"start":{"line":394,"column":4},"end":{"line":397,"column":20}},"162":{"start":{"line":395,"column":8},"end":{"line":395,"column":19}},"163":{"start":{"line":397,"column":8},"end":{"line":397,"column":20}},"164":{"start":{"line":400,"column":22},"end":{"line":515,"column":1}},"165":{"start":{"line":404,"column":28},"end":{"line":407,"column":29}},"166":{"start":{"line":409,"column":34},"end":{"line":413,"column":37}},"167":{"start":{"line":415,"column":34},"end":{"line":419,"column":37}},"168":{"start":{"line":421,"column":24},"end":{"line":421,"column":29}},"169":{"start":{"line":422,"column":26},"end":{"line":422,"column":31}},"170":{"start":{"line":423,"column":18},"end":{"line":423,"column":48}},"171":{"start":{"line":425,"column":4},"end":{"line":432,"column":6}},"172":{"start":{"line":428,"column":8},"end":{"line":431,"column":9}},"173":{"start":{"line":429,"column":12},"end":{"line":429,"column":32}},"174":{"start":{"line":430,"column":12},"end":{"line":430,"column":60}},"175":{"start":{"line":434,"column":4},"end":{"line":437,"column":5}},"176":{"start":{"line":435,"column":8},"end":{"line":435,"column":28}},"177":{"start":{"line":436,"column":8},"end":{"line":436,"column":56}},"178":{"start":{"line":439,"column":4},"end":{"line":474,"column":5}},"179":{"start":{"line":443,"column":8},"end":{"line":456,"column":10}},"180":{"start":{"line":444,"column":12},"end":{"line":455,"column":14}},"181":{"start":{"line":446,"column":16},"end":{"line":454,"column":17}},"182":{"start":{"line":448,"column":30},"end":{"line":450,"column":31}},"183":{"start":{"line":451,"column":20},"end":{"line":451,"column":42}},"184":{"start":{"line":452,"column":20},"end":{"line":452,"column":45}},"185":{"start":{"line":453,"column":20},"end":{"line":453,"column":62}},"186":{"start":{"line":459,"column":8},"end":{"line":473,"column":9}},"187":{"start":{"line":461,"column":12},"end":{"line":472,"column":14}},"188":{"start":{"line":462,"column":16},"end":{"line":471,"column":18}},"189":{"start":{"line":464,"column":20},"end":{"line":470,"column":21}},"190":{"start":{"line":466,"column":24},"end":{"line":466,"column":46}},"191":{"start":{"line":467,"column":24},"end":{"line":467,"column":80}},"192":{"start":{"line":468,"column":24},"end":{"line":468,"column":92}},"193":{"start":{"line":469,"column":24},"end":{"line":469,"column":66}},"194":{"start":{"line":476,"column":4},"end":{"line":514,"column":5}},"195":{"start":{"line":482,"column":35},"end":{"line":482,"column":40}},"196":{"start":{"line":484,"column":8},"end":{"line":488,"column":10}},"197":{"start":{"line":485,"column":12},"end":{"line":487,"column":13}},"198":{"start":{"line":486,"column":16},"end":{"line":486,"column":43}},"199":{"start":{"line":490,"column":8},"end":{"line":513,"column":9}},"200":{"start":{"line":491,"column":12},"end":{"line":496,"column":14}},"201":{"start":{"line":498,"column":13},"end":{"line":513,"column":9}},"202":{"start":{"line":499,"column":12},"end":{"line":504,"column":14}},"203":{"start":{"line":507,"column":12},"end":{"line":512,"column":14}},"204":{"start":{"line":517,"column":24},"end":{"line":525,"column":1}},"205":{"start":{"line":520,"column":4},"end":{"line":524,"column":5}},"206":{"start":{"line":521,"column":8},"end":{"line":521,"column":52}},"207":{"start":{"line":523,"column":8},"end":{"line":523,"column":101}},"208":{"start":{"line":527,"column":0},"end":{"line":527,"column":20}},"209":{"start":{"line":528,"column":0},"end":{"line":528,"column":41}},"210":{"start":{"line":529,"column":0},"end":{"line":529,"column":54}},"211":{"start":{"line":530,"column":0},"end":{"line":530,"column":34}},"212":{"start":{"line":531,"column":0},"end":{"line":531,"column":47}},"213":{"start":{"line":532,"column":0},"end":{"line":532,"column":50}},"214":{"start":{"line":533,"column":0},"end":{"line":535,"column":2}},"215":{"start":{"line":534,"column":4},"end":{"line":534,"column":62}},"216":{"start":{"line":537,"column":0},"end":{"line":537,"column":20}},"217":{"start":{"line":538,"column":0},"end":{"line":538,"column":30}}},"fnMap":{"0":{"name":"(anonymous_0)","decl":{"start":{"line":17,"column":16},"end":{"line":17,"column":17}},"loc":{"start":{"line":17,"column":39},"end":{"line":17,"column":100}},"line":17},"1":{"name":"(anonymous_1)","decl":{"start":{"line":19,"column":25},"end":{"line":19,"column":26}},"loc":{"start":{"line":19,"column":37},"end":{"line":30,"column":1}},"line":19},"2":{"name":"(anonymous_2)","decl":{"start":{"line":23,"column":27},"end":{"line":23,"column":28}},"loc":{"start":{"line":23,"column":49},"end":{"line":23,"column":91}},"line":23},"3":{"name":"(anonymous_3)","decl":{"start":{"line":27,"column":38},"end":{"line":27,"column":39}},"loc":{"start":{"line":28,"column":6},"end":{"line":28,"column":100}},"line":28},"4":{"name":"(anonymous_4)","decl":{"start":{"line":32,"column":23},"end":{"line":32,"column":24}},"loc":{"start":{"line":32,"column":65},"end":{"line":118,"column":1}},"line":32},"5":{"name":"(anonymous_5)","decl":{"start":{"line":41,"column":55},"end":{"line":41,"column":56}},"loc":{"start":{"line":41,"column":69},"end":{"line":59,"column":5}},"line":41},"6":{"name":"(anonymous_6)","decl":{"start":{"line":70,"column":40},"end":{"line":70,"column":41}},"loc":{"start":{"line":70,"column":54},"end":{"line":96,"column":13}},"line":70},"7":{"name":"(anonymous_7)","decl":{"start":{"line":84,"column":54},"end":{"line":84,"column":55}},"loc":{"start":{"line":84,"column":69},"end":{"line":86,"column":21}},"line":84},"8":{"name":"(anonymous_8)","decl":{"start":{"line":120,"column":24},"end":{"line":120,"column":25}},"loc":{"start":{"line":120,"column":47},"end":{"line":161,"column":1}},"line":120},"9":{"name":"(anonymous_9)","decl":{"start":{"line":163,"column":24},"end":{"line":163,"column":25}},"loc":{"start":{"line":163,"column":46},"end":{"line":246,"column":1}},"line":163},"10":{"name":"(anonymous_10)","decl":{"start":{"line":179,"column":43},"end":{"line":179,"column":44}},"loc":{"start":{"line":179,"column":57},"end":{"line":191,"column":9}},"line":179},"11":{"name":"(anonymous_11)","decl":{"start":{"line":202,"column":47},"end":{"line":202,"column":48}},"loc":{"start":{"line":202,"column":61},"end":{"line":211,"column":9}},"line":202},"12":{"name":"(anonymous_12)","decl":{"start":{"line":248,"column":19},"end":{"line":248,"column":20}},"loc":{"start":{"line":248,"column":42},"end":{"line":271,"column":1}},"line":248},"13":{"name":"(anonymous_13)","decl":{"start":{"line":251,"column":46},"end":{"line":251,"column":47}},"loc":{"start":{"line":251,"column":65},"end":{"line":270,"column":5}},"line":251},"14":{"name":"(anonymous_14)","decl":{"start":{"line":273,"column":14},"end":{"line":273,"column":15}},"loc":{"start":{"line":273,"column":72},"end":{"line":313,"column":1}},"line":273},"15":{"name":"(anonymous_15)","decl":{"start":{"line":288,"column":47},"end":{"line":288,"column":48}},"loc":{"start":{"line":288,"column":62},"end":{"line":292,"column":9}},"line":288},"16":{"name":"(anonymous_16)","decl":{"start":{"line":297,"column":43},"end":{"line":297,"column":44}},"loc":{"start":{"line":297,"column":58},"end":{"line":301,"column":9}},"line":297},"17":{"name":"(anonymous_17)","decl":{"start":{"line":315,"column":28},"end":{"line":315,"column":29}},"loc":{"start":{"line":315,"column":58},"end":{"line":356,"column":1}},"line":315},"18":{"name":"(anonymous_18)","decl":{"start":{"line":330,"column":39},"end":{"line":330,"column":40}},"loc":{"start":{"line":330,"column":54},"end":{"line":336,"column":5}},"line":330},"19":{"name":"(anonymous_19)","decl":{"start":{"line":340,"column":47},"end":{"line":340,"column":48}},"loc":{"start":{"line":340,"column":62},"end":{"line":344,"column":9}},"line":340},"20":{"name":"(anonymous_20)","decl":{"start":{"line":358,"column":19},"end":{"line":358,"column":20}},"loc":{"start":{"line":358,"column":27},"end":{"line":398,"column":1}},"line":358},"21":{"name":"(anonymous_21)","decl":{"start":{"line":365,"column":40},"end":{"line":365,"column":41}},"loc":{"start":{"line":365,"column":54},"end":{"line":372,"column":5}},"line":365},"22":{"name":"(anonymous_22)","decl":{"start":{"line":366,"column":50},"end":{"line":366,"column":51}},"loc":{"start":{"line":366,"column":65},"end":{"line":371,"column":9}},"line":366},"23":{"name":"(anonymous_23)","decl":{"start":{"line":375,"column":47},"end":{"line":375,"column":48}},"loc":{"start":{"line":375,"column":61},"end":{"line":381,"column":9}},"line":375},"24":{"name":"(anonymous_24)","decl":{"start":{"line":376,"column":57},"end":{"line":376,"column":58}},"loc":{"start":{"line":376,"column":72},"end":{"line":380,"column":13}},"line":376},"25":{"name":"(anonymous_25)","decl":{"start":{"line":384,"column":36},"end":{"line":384,"column":37}},"loc":{"start":{"line":384,"column":50},"end":{"line":392,"column":5}},"line":384},"26":{"name":"(anonymous_26)","decl":{"start":{"line":400,"column":22},"end":{"line":400,"column":23}},"loc":{"start":{"line":400,"column":45},"end":{"line":515,"column":1}},"line":400},"27":{"name":"(anonymous_27)","decl":{"start":{"line":425,"column":36},"end":{"line":425,"column":37}},"loc":{"start":{"line":425,"column":50},"end":{"line":432,"column":5}},"line":425},"28":{"name":"(anonymous_28)","decl":{"start":{"line":443,"column":44},"end":{"line":443,"column":45}},"loc":{"start":{"line":443,"column":58},"end":{"line":456,"column":9}},"line":443},"29":{"name":"(anonymous_29)","decl":{"start":{"line":444,"column":54},"end":{"line":444,"column":55}},"loc":{"start":{"line":444,"column":69},"end":{"line":455,"column":13}},"line":444},"30":{"name":"(anonymous_30)","decl":{"start":{"line":461,"column":51},"end":{"line":461,"column":52}},"loc":{"start":{"line":461,"column":65},"end":{"line":472,"column":13}},"line":461},"31":{"name":"(anonymous_31)","decl":{"start":{"line":462,"column":61},"end":{"line":462,"column":62}},"loc":{"start":{"line":462,"column":76},"end":{"line":471,"column":17}},"line":462},"32":{"name":"(anonymous_32)","decl":{"start":{"line":484,"column":45},"end":{"line":484,"column":46}},"loc":{"start":{"line":484,"column":59},"end":{"line":488,"column":9}},"line":484},"33":{"name":"(anonymous_33)","decl":{"start":{"line":517,"column":24},"end":{"line":517,"column":25}},"loc":{"start":{"line":517,"column":46},"end":{"line":525,"column":1}},"line":517},"34":{"name":"(anonymous_34)","decl":{"start":{"line":533,"column":13},"end":{"line":533,"column":14}},"loc":{"start":{"line":533,"column":27},"end":{"line":535,"column":1}},"line":533}},"branchMap":{"0":{"loc":{"start":{"line":22,"column":4},"end":{"line":24,"column":5}},"type":"if","locations":[{"start":{"line":22,"column":4},"end":{"line":24,"column":5}},{"start":{"line":22,"column":4},"end":{"line":24,"column":5}}],"line":22},"1":{"loc":{"start":{"line":28,"column":26},"end":{"line":28,"column":97}},"type":"cond-expr","locations":[{"start":{"line":28,"column":48},"end":{"line":28,"column":70}},{"start":{"line":28,"column":73},"end":{"line":28,"column":97}}],"line":28},"2":{"loc":{"start":{"line":43,"column":8},"end":{"line":45,"column":9}},"type":"if","locations":[{"start":{"line":43,"column":8},"end":{"line":45,"column":9}},{"start":{"line":43,"column":8},"end":{"line":45,"column":9}}],"line":43},"3":{"loc":{"start":{"line":47,"column":8},"end":{"line":49,"column":9}},"type":"if","locations":[{"start":{"line":47,"column":8},"end":{"line":49,"column":9}},{"start":{"line":47,"column":8},"end":{"line":49,"column":9}}],"line":47},"4":{"loc":{"start":{"line":51,"column":8},"end":{"line":53,"column":9}},"type":"if","locations":[{"start":{"line":51,"column":8},"end":{"line":53,"column":9}},{"start":{"line":51,"column":8},"end":{"line":53,"column":9}}],"line":51},"5":{"loc":{"start":{"line":55,"column":8},"end":{"line":57,"column":9}},"type":"if","locations":[{"start":{"line":55,"column":8},"end":{"line":57,"column":9}},{"start":{"line":55,"column":8},"end":{"line":57,"column":9}}],"line":55},"6":{"loc":{"start":{"line":67,"column":4},"end":{"line":98,"column":5}},"type":"if","locations":[{"start":{"line":67,"column":4},"end":{"line":98,"column":5}},{"start":{"line":67,"column":4},"end":{"line":98,"column":5}}],"line":67},"7":{"loc":{"start":{"line":68,"column":8},"end":{"line":97,"column":9}},"type":"if","locations":[{"start":{"line":68,"column":8},"end":{"line":97,"column":9}},{"start":{"line":68,"column":8},"end":{"line":97,"column":9}}],"line":68},"8":{"loc":{"start":{"line":74,"column":16},"end":{"line":75,"column":50}},"type":"if","locations":[{"start":{"line":74,"column":16},"end":{"line":75,"column":50}},{"start":{"line":74,"column":16},"end":{"line":75,"column":50}}],"line":74},"9":{"loc":{"start":{"line":77,"column":16},"end":{"line":78,"column":71}},"type":"if","locations":[{"start":{"line":77,"column":16},"end":{"line":78,"column":71}},{"start":{"line":77,"column":16},"end":{"line":78,"column":71}}],"line":77},"10":{"loc":{"start":{"line":80,"column":16},"end":{"line":95,"column":17}},"type":"if","locations":[{"start":{"line":80,"column":16},"end":{"line":95,"column":17}},{"start":{"line":80,"column":16},"end":{"line":95,"column":17}}],"line":80},"11":{"loc":{"start":{"line":88,"column":20},"end":{"line":94,"column":21}},"type":"if","locations":[{"start":{"line":88,"column":20},"end":{"line":94,"column":21}},{"start":{"line":88,"column":20},"end":{"line":94,"column":21}}],"line":88},"12":{"loc":{"start":{"line":114,"column":4},"end":{"line":117,"column":5}},"type":"if","locations":[{"start":{"line":114,"column":4},"end":{"line":117,"column":5}},{"start":{"line":114,"column":4},"end":{"line":117,"column":5}}],"line":114},"13":{"loc":{"start":{"line":125,"column":4},"end":{"line":160,"column":4}},"type":"if","locations":[{"start":{"line":125,"column":4},"end":{"line":160,"column":4}},{"start":{"line":125,"column":4},"end":{"line":160,"column":4}}],"line":125},"14":{"loc":{"start":{"line":134,"column":9},"end":{"line":160,"column":4}},"type":"if","locations":[{"start":{"line":134,"column":9},"end":{"line":160,"column":4}},{"start":{"line":134,"column":9},"end":{"line":160,"column":4}}],"line":134},"15":{"loc":{"start":{"line":134,"column":12},"end":{"line":134,"column":136}},"type":"binary-expr","locations":[{"start":{"line":134,"column":12},"end":{"line":134,"column":46}},{"start":{"line":134,"column":51},"end":{"line":134,"column":89}},{"start":{"line":134,"column":93},"end":{"line":134,"column":135}}],"line":134},"16":{"loc":{"start":{"line":137,"column":8},"end":{"line":147,"column":9}},"type":"if","locations":[{"start":{"line":137,"column":8},"end":{"line":147,"column":9}},{"start":{"line":137,"column":8},"end":{"line":147,"column":9}}],"line":137},"17":{"loc":{"start":{"line":149,"column":9},"end":{"line":160,"column":4}},"type":"if","locations":[{"start":{"line":149,"column":9},"end":{"line":160,"column":4}},{"start":{"line":149,"column":9},"end":{"line":160,"column":4}}],"line":149},"18":{"loc":{"start":{"line":169,"column":4},"end":{"line":174,"column":5}},"type":"if","locations":[{"start":{"line":169,"column":4},"end":{"line":174,"column":5}},{"start":{"line":169,"column":4},"end":{"line":174,"column":5}}],"line":169},"19":{"loc":{"start":{"line":176,"column":4},"end":{"line":192,"column":5}},"type":"if","locations":[{"start":{"line":176,"column":4},"end":{"line":192,"column":5}},{"start":{"line":176,"column":4},"end":{"line":192,"column":5}}],"line":176},"20":{"loc":{"start":{"line":180,"column":12},"end":{"line":190,"column":13}},"type":"if","locations":[{"start":{"line":180,"column":12},"end":{"line":190,"column":13}},{"start":{"line":180,"column":12},"end":{"line":190,"column":13}}],"line":180},"21":{"loc":{"start":{"line":194,"column":4},"end":{"line":245,"column":5}},"type":"if","locations":[{"start":{"line":194,"column":4},"end":{"line":245,"column":5}},{"start":{"line":194,"column":4},"end":{"line":245,"column":5}}],"line":194},"22":{"loc":{"start":{"line":203,"column":12},"end":{"line":210,"column":13}},"type":"if","locations":[{"start":{"line":203,"column":12},"end":{"line":210,"column":13}},{"start":{"line":203,"column":12},"end":{"line":210,"column":13}}],"line":203},"23":{"loc":{"start":{"line":213,"column":8},"end":{"line":244,"column":9}},"type":"if","locations":[{"start":{"line":213,"column":8},"end":{"line":244,"column":9}},{"start":{"line":213,"column":8},"end":{"line":244,"column":9}}],"line":213},"24":{"loc":{"start":{"line":219,"column":12},"end":{"line":241,"column":13}},"type":"if","locations":[{"start":{"line":219,"column":12},"end":{"line":241,"column":13}},{"start":{"line":219,"column":12},"end":{"line":241,"column":13}}],"line":219},"25":{"loc":{"start":{"line":226,"column":17},"end":{"line":241,"column":13}},"type":"if","locations":[{"start":{"line":226,"column":17},"end":{"line":241,"column":13}},{"start":{"line":226,"column":17},"end":{"line":241,"column":13}}],"line":226},"26":{"loc":{"start":{"line":252,"column":8},"end":{"line":255,"column":9}},"type":"if","locations":[{"start":{"line":252,"column":8},"end":{"line":255,"column":9}},{"start":{"line":252,"column":8},"end":{"line":255,"column":9}}],"line":252},"27":{"loc":{"start":{"line":257,"column":8},"end":{"line":269,"column":9}},"type":"if","locations":[{"start":{"line":257,"column":8},"end":{"line":269,"column":9}},{"start":{"line":257,"column":8},"end":{"line":269,"column":9}}],"line":257},"28":{"loc":{"start":{"line":277,"column":4},"end":{"line":282,"column":5}},"type":"if","locations":[{"start":{"line":277,"column":4},"end":{"line":282,"column":5}},{"start":{"line":277,"column":4},"end":{"line":282,"column":5}}],"line":277},"29":{"loc":{"start":{"line":287,"column":4},"end":{"line":304,"column":5}},"type":"if","locations":[{"start":{"line":287,"column":4},"end":{"line":304,"column":5}},{"start":{"line":287,"column":4},"end":{"line":304,"column":5}}],"line":287},"30":{"loc":{"start":{"line":289,"column":12},"end":{"line":291,"column":13}},"type":"if","locations":[{"start":{"line":289,"column":12},"end":{"line":291,"column":13}},{"start":{"line":289,"column":12},"end":{"line":291,"column":13}}],"line":289},"31":{"loc":{"start":{"line":298,"column":12},"end":{"line":300,"column":13}},"type":"if","locations":[{"start":{"line":298,"column":12},"end":{"line":300,"column":13}},{"start":{"line":298,"column":12},"end":{"line":300,"column":13}}],"line":298},"32":{"loc":{"start":{"line":306,"column":4},"end":{"line":312,"column":5}},"type":"if","locations":[{"start":{"line":306,"column":4},"end":{"line":312,"column":5}},{"start":{"line":306,"column":4},"end":{"line":312,"column":5}}],"line":306},"33":{"loc":{"start":{"line":319,"column":4},"end":{"line":324,"column":5}},"type":"if","locations":[{"start":{"line":319,"column":4},"end":{"line":324,"column":5}},{"start":{"line":319,"column":4},"end":{"line":324,"column":5}}],"line":319},"34":{"loc":{"start":{"line":331,"column":8},"end":{"line":335,"column":9}},"type":"if","locations":[{"start":{"line":331,"column":8},"end":{"line":335,"column":9}},{"start":{"line":331,"column":8},"end":{"line":335,"column":9}}],"line":331},"35":{"loc":{"start":{"line":338,"column":4},"end":{"line":352,"column":5}},"type":"if","locations":[{"start":{"line":338,"column":4},"end":{"line":352,"column":5}},{"start":{"line":338,"column":4},"end":{"line":352,"column":5}}],"line":338},"36":{"loc":{"start":{"line":341,"column":12},"end":{"line":343,"column":13}},"type":"if","locations":[{"start":{"line":341,"column":12},"end":{"line":343,"column":13}},{"start":{"line":341,"column":12},"end":{"line":343,"column":13}}],"line":341},"37":{"loc":{"start":{"line":346,"column":8},"end":{"line":347,"column":54}},"type":"if","locations":[{"start":{"line":346,"column":8},"end":{"line":347,"column":54}},{"start":{"line":346,"column":8},"end":{"line":347,"column":54}}],"line":346},"38":{"loc":{"start":{"line":350,"column":8},"end":{"line":351,"column":50}},"type":"if","locations":[{"start":{"line":350,"column":8},"end":{"line":351,"column":50}},{"start":{"line":350,"column":8},"end":{"line":351,"column":50}}],"line":350},"39":{"loc":{"start":{"line":368,"column":12},"end":{"line":370,"column":13}},"type":"if","locations":[{"start":{"line":368,"column":12},"end":{"line":370,"column":13}},{"start":{"line":368,"column":12},"end":{"line":370,"column":13}}],"line":368},"40":{"loc":{"start":{"line":374,"column":4},"end":{"line":382,"column":5}},"type":"if","locations":[{"start":{"line":374,"column":4},"end":{"line":382,"column":5}},{"start":{"line":374,"column":4},"end":{"line":382,"column":5}}],"line":374},"41":{"loc":{"start":{"line":377,"column":16},"end":{"line":379,"column":17}},"type":"if","locations":[{"start":{"line":377,"column":16},"end":{"line":379,"column":17}},{"start":{"line":377,"column":16},"end":{"line":379,"column":17}}],"line":377},"42":{"loc":{"start":{"line":386,"column":8},"end":{"line":391,"column":9}},"type":"if","locations":[{"start":{"line":386,"column":8},"end":{"line":391,"column":9}},{"start":{"line":386,"column":8},"end":{"line":391,"column":9}}],"line":386},"43":{"loc":{"start":{"line":394,"column":4},"end":{"line":397,"column":20}},"type":"if","locations":[{"start":{"line":394,"column":4},"end":{"line":397,"column":20}},{"start":{"line":394,"column":4},"end":{"line":397,"column":20}}],"line":394},"44":{"loc":{"start":{"line":428,"column":8},"end":{"line":431,"column":9}},"type":"if","locations":[{"start":{"line":428,"column":8},"end":{"line":431,"column":9}},{"start":{"line":428,"column":8},"end":{"line":431,"column":9}}],"line":428},"45":{"loc":{"start":{"line":434,"column":4},"end":{"line":437,"column":5}},"type":"if","locations":[{"start":{"line":434,"column":4},"end":{"line":437,"column":5}},{"start":{"line":434,"column":4},"end":{"line":437,"column":5}}],"line":434},"46":{"loc":{"start":{"line":439,"column":4},"end":{"line":474,"column":5}},"type":"if","locations":[{"start":{"line":439,"column":4},"end":{"line":474,"column":5}},{"start":{"line":439,"column":4},"end":{"line":474,"column":5}}],"line":439},"47":{"loc":{"start":{"line":446,"column":16},"end":{"line":454,"column":17}},"type":"if","locations":[{"start":{"line":446,"column":16},"end":{"line":454,"column":17}},{"start":{"line":446,"column":16},"end":{"line":454,"column":17}}],"line":446},"48":{"loc":{"start":{"line":459,"column":8},"end":{"line":473,"column":9}},"type":"if","locations":[{"start":{"line":459,"column":8},"end":{"line":473,"column":9}},{"start":{"line":459,"column":8},"end":{"line":473,"column":9}}],"line":459},"49":{"loc":{"start":{"line":464,"column":20},"end":{"line":470,"column":21}},"type":"if","locations":[{"start":{"line":464,"column":20},"end":{"line":470,"column":21}},{"start":{"line":464,"column":20},"end":{"line":470,"column":21}}],"line":464},"50":{"loc":{"start":{"line":476,"column":4},"end":{"line":514,"column":5}},"type":"if","locations":[{"start":{"line":476,"column":4},"end":{"line":514,"column":5}},{"start":{"line":476,"column":4},"end":{"line":514,"column":5}}],"line":476},"51":{"loc":{"start":{"line":476,"column":7},"end":{"line":476,"column":41}},"type":"binary-expr","locations":[{"start":{"line":476,"column":7},"end":{"line":476,"column":23}},{"start":{"line":476,"column":27},"end":{"line":476,"column":41}}],"line":476},"52":{"loc":{"start":{"line":485,"column":12},"end":{"line":487,"column":13}},"type":"if","locations":[{"start":{"line":485,"column":12},"end":{"line":487,"column":13}},{"start":{"line":485,"column":12},"end":{"line":487,"column":13}}],"line":485},"53":{"loc":{"start":{"line":490,"column":8},"end":{"line":513,"column":9}},"type":"if","locations":[{"start":{"line":490,"column":8},"end":{"line":513,"column":9}},{"start":{"line":490,"column":8},"end":{"line":513,"column":9}}],"line":490},"54":{"loc":{"start":{"line":490,"column":11},"end":{"line":490,"column":73}},"type":"binary-expr","locations":[{"start":{"line":490,"column":11},"end":{"line":490,"column":48}},{"start":{"line":490,"column":52},"end":{"line":490,"column":73}}],"line":490},"55":{"loc":{"start":{"line":498,"column":13},"end":{"line":513,"column":9}},"type":"if","locations":[{"start":{"line":498,"column":13},"end":{"line":513,"column":9}},{"start":{"line":498,"column":13},"end":{"line":513,"column":9}}],"line":498},"56":{"loc":{"start":{"line":498,"column":16},"end":{"line":498,"column":77}},"type":"binary-expr","locations":[{"start":{"line":498,"column":16},"end":{"line":498,"column":52}},{"start":{"line":498,"column":56},"end":{"line":498,"column":77}}],"line":498},"57":{"loc":{"start":{"line":520,"column":4},"end":{"line":524,"column":5}},"type":"if","locations":[{"start":{"line":520,"column":4},"end":{"line":524,"column":5}},{"start":{"line":520,"column":4},"end":{"line":524,"column":5}}],"line":520}},"s":{"0":1,"1":1,"2":1,"3":1,"4":1,"5":1,"6":1,"7":1,"8":1,"9":1,"10":1,"11":1,"12":1,"13":1,"14":2,"15":1,"16":8,"17":3,"18":5,"19":5,"20":15,"21":1,"22":3,"23":3,"24":3,"25":3,"26":24,"27":3,"28":24,"29":3,"30":24,"31":3,"32":24,"33":3,"34":3,"35":3,"36":3,"37":2,"38":2,"39":9,"40":9,"41":3,"42":9,"43":3,"44":9,"45":3,"46":3,"47":6,"48":3,"49":1,"50":1,"51":1,"52":1,"53":1,"54":3,"55":2,"56":2,"57":1,"58":5,"59":1,"60":4,"61":2,"62":1,"63":1,"64":2,"65":2,"66":0,"67":1,"68":2,"69":2,"70":2,"71":2,"72":2,"73":2,"74":2,"75":2,"76":3,"77":1,"78":1,"79":1,"80":1,"81":1,"82":2,"83":1,"84":1,"85":1,"86":1,"87":0,"88":0,"89":0,"90":1,"91":0,"92":1,"93":0,"94":1,"95":0,"96":1,"97":1,"98":3,"99":3,"100":0,"101":3,"102":1,"103":1,"104":2,"105":1,"106":1,"107":1,"108":1,"109":1,"110":1,"111":1,"112":1,"113":0,"114":0,"115":0,"116":0,"117":1,"118":3,"119":1,"120":1,"121":1,"122":1,"123":1,"124":2,"125":1,"126":1,"127":1,"128":1,"129":2,"130":2,"131":2,"132":5,"133":1,"134":1,"135":2,"136":1,"137":1,"138":1,"139":1,"140":1,"141":1,"142":1,"143":2,"144":2,"145":1,"146":4,"147":4,"148":4,"149":5,"150":10,"151":2,"152":4,"153":2,"154":0,"155":0,"156":0,"157":4,"158":3,"159":0,"160":3,"161":4,"162":4,"163":0,"164":1,"165":4,"166":4,"167":4,"168":4,"169":4,"170":4,"171":4,"172":3,"173":0,"174":0,"175":4,"176":0,"177":0,"178":4,"179":4,"180":5,"181":10,"182":2,"183":2,"184":2,"185":2,"186":4,"187":2,"188":0,"189":0,"190":0,"191":0,"192":0,"193":0,"194":4,"195":2,"196":2,"197":2,"198":1,"199":2,"200":1,"201":1,"202":0,"203":1,"204":1,"205":1,"206":0,"207":1,"208":1,"209":1,"210":1,"211":1,"212":1,"213":1,"214":1,"215":0,"216":1,"217":1},"f":{"0":2,"1":8,"2":5,"3":15,"4":3,"5":24,"6":9,"7":6,"8":5,"9":2,"10":3,"11":0,"12":3,"13":3,"14":1,"15":0,"16":3,"17":2,"18":5,"19":1,"20":4,"21":5,"22":10,"23":0,"24":0,"25":3,"26":4,"27":3,"28":5,"29":10,"30":0,"31":0,"32":2,"33":1,"34":0},"b":{"0":[3,5],"1":[0,15],"2":[3,21],"3":[3,21],"4":[3,21],"5":[3,21],"6":[2,1],"7":[2,0],"8":[3,6],"9":[3,6],"10":[3,6],"11":[1,2],"12":[2,1],"13":[1,4],"14":[2,2],"15":[4,2,0],"16":[1,1],"17":[2,0],"18":[2,0],"19":[2,0],"20":[1,2],"21":[1,1],"22":[0,0],"23":[0,1],"24":[0,1],"25":[0,1],"26":[0,3],"27":[1,2],"28":[1,0],"29":[0,1],"30":[0,0],"31":[1,2],"32":[1,0],"33":[1,1],"34":[1,4],"35":[1,1],"36":[1,0],"37":[1,0],"38":[1,0],"39":[2,8],"40":[2,2],"41":[0,0],"42":[0,3],"43":[4,0],"44":[0,3],"45":[0,4],"46":[4,0],"47":[2,8],"48":[2,2],"49":[0,0],"50":[2,2],"51":[4,2],"52":[1,1],"53":[1,1],"54":[2,2],"55":[0,1],"56":[1,0],"57":[0,1]},"_coverageSchema":"1a1c01bbd47fc00a2c39e90264f33305004495a9","hash":"a6f853fc0c2b8e6bd73716040bc242f26cd09446"}
}
