TN:
SF:app.js
FN:17,(anonymous_0)
FN:19,(anonymous_1)
FN:23,(anonymous_2)
FN:27,(anonymous_3)
FN:32,(anonymous_4)
FN:41,(anonymous_5)
FN:56,(anonymous_6)
FN:75,(anonymous_7)
FN:105,(anonymous_8)
FN:119,(anonymous_9)
FN:167,(anonymous_10)
FN:177,(anonymous_11)
FN:220,(anonymous_12)
FN:236,(anonymous_13)
FN:259,(anonymous_14)
FN:305,(anonymous_15)
FN:308,(anonymous_16)
FN:330,(anonymous_17)
FN:345,(anonymous_18)
FN:354,(anonymous_19)
FN:372,(anonymous_20)
FN:387,(anonymous_21)
FN:397,(anonymous_22)
FN:415,(anonymous_23)
FN:422,(anonymous_24)
FN:423,(anonymous_25)
FN:432,(anonymous_26)
FN:433,(anonymous_27)
FN:441,(anonymous_28)
FN:457,(anonymous_29)
FN:482,(anonymous_30)
FN:500,(anonymous_31)
FN:501,(anonymous_32)
FN:518,(anonymous_33)
FN:519,(anonymous_34)
FN:541,(anonymous_35)
FN:573,(anonymous_36)
FN:589,(anonymous_37)
FNF:38
FNH:32
FNDA:2,(anonymous_0)
FNDA:11,(anonymous_1)
FNDA:7,(anonymous_2)
FNDA:21,(anonymous_3)
FNDA:4,(anonymous_4)
FNDA:1,(anonymous_5)
FNDA:9,(anonymous_6)
FNDA:32,(anonymous_7)
FNDA:21,(anonymous_8)
FNDA:18,(anonymous_9)
FNDA:5,(anonymous_10)
FNDA:7,(anonymous_11)
FNDA:2,(anonymous_12)
FNDA:1,(anonymous_13)
FNDA:1,(anonymous_14)
FNDA:3,(anonymous_15)
FNDA:3,(anonymous_16)
FNDA:1,(anonymous_17)
FNDA:0,(anonymous_18)
FNDA:3,(anonymous_19)
FNDA:3,(anonymous_20)
FNDA:6,(anonymous_21)
FNDA:1,(anonymous_22)
FNDA:4,(anonymous_23)
FNDA:7,(anonymous_24)
FNDA:14,(anonymous_25)
FNDA:0,(anonymous_26)
FNDA:0,(anonymous_27)
FNDA:3,(anonymous_28)
FNDA:4,(anonymous_29)
FNDA:3,(anonymous_30)
FNDA:5,(anonymous_31)
FNDA:10,(anonymous_32)
FNDA:0,(anonymous_33)
FNDA:0,(anonymous_34)
FNDA:1,(anonymous_35)
FNDA:1,(anonymous_36)
FNDA:0,(anonymous_37)
DA:1,1
DA:2,1
DA:3,1
DA:4,1
DA:5,1
DA:6,1
DA:7,1
DA:9,1
DA:10,1
DA:11,1
DA:13,1
DA:14,1
DA:16,1
DA:17,2
DA:19,1
DA:22,11
DA:23,7
DA:27,7
DA:28,21
DA:32,1
DA:34,4
DA:37,4
DA:39,4
DA:41,4
DA:42,1
DA:43,1
DA:44,1
DA:48,4
DA:49,1
DA:52,4
DA:54,4
DA:56,4
DA:57,9
DA:58,3
DA:59,3
DA:63,4
DA:64,3
DA:67,4
DA:68,4
DA:71,4
DA:72,4
DA:73,4
DA:75,4
DA:77,32
DA:78,4
DA:81,32
DA:82,4
DA:85,32
DA:86,4
DA:89,32
DA:90,4
DA:95,4
DA:96,4
DA:99,4
DA:101,4
DA:103,4
DA:105,4
DA:107,21
DA:109,21
DA:110,7
DA:112,21
DA:113,7
DA:115,21
DA:117,7
DA:119,7
DA:120,18
DA:123,7
DA:124,6
DA:126,1
DA:127,1
DA:128,1
DA:129,1
DA:130,1
DA:131,1
DA:153,4
DA:154,3
DA:155,3
DA:156,3
DA:161,0
DA:167,1
DA:172,5
DA:173,5
DA:174,5
DA:177,1
DA:182,7
DA:183,1
DA:191,6
DA:194,2
DA:195,1
DA:203,1
DA:206,4
DA:207,4
DA:211,0
DA:220,1
DA:223,2
DA:226,2
DA:227,1
DA:228,1
DA:229,1
DA:230,1
DA:233,2
DA:236,2
DA:237,1
DA:238,1
DA:239,1
DA:240,1
DA:241,1
DA:242,1
DA:251,2
DA:252,1
DA:253,1
DA:258,1
DA:259,1
DA:260,1
DA:261,0
DA:262,0
DA:270,1
DA:271,0
DA:276,1
DA:277,0
DA:283,1
DA:286,0
DA:293,1
DA:305,1
DA:308,3
DA:309,3
DA:311,0
DA:314,3
DA:315,1
DA:317,1
DA:323,2
DA:330,1
DA:334,1
DA:335,1
DA:336,1
DA:337,1
DA:338,1
DA:341,1
DA:344,1
DA:345,0
DA:346,0
DA:347,0
DA:351,0
DA:354,1
DA:355,3
DA:356,1
DA:360,1
DA:363,1
DA:368,1
DA:372,1
DA:376,3
DA:377,1
DA:378,1
DA:379,1
DA:380,1
DA:383,3
DA:385,3
DA:387,3
DA:388,6
DA:390,2
DA:391,2
DA:395,3
DA:397,1
DA:398,1
DA:399,1
DA:403,1
DA:404,1
DA:407,2
DA:408,2
DA:411,3
DA:415,1
DA:419,4
DA:420,4
DA:422,4
DA:423,7
DA:425,14
DA:426,3
DA:431,4
DA:432,1
DA:433,0
DA:434,0
DA:435,0
DA:441,4
DA:443,3
DA:444,1
DA:447,2
DA:451,4
DA:452,3
DA:454,1
DA:457,1
DA:461,4
DA:466,4
DA:472,4
DA:478,4
DA:479,4
DA:480,4
DA:482,4
DA:485,3
DA:486,0
DA:487,0
DA:491,4
DA:492,1
DA:493,1
DA:496,4
DA:500,3
DA:501,5
DA:503,10
DA:505,2
DA:508,2
DA:509,2
DA:510,2
DA:516,3
DA:518,1
DA:519,0
DA:521,0
DA:523,0
DA:524,0
DA:525,0
DA:526,0
DA:533,4
DA:539,1
DA:541,1
DA:542,1
DA:543,1
DA:547,1
DA:548,0
DA:555,1
DA:556,0
DA:564,1
DA:573,1
DA:576,1
DA:577,1
DA:579,0
DA:583,1
DA:584,1
DA:585,1
DA:586,1
DA:587,1
DA:588,1
DA:589,1
DA:590,0
DA:593,1
DA:594,1
LF:243
LH:216
BRDA:22,0,0,4
BRDA:22,0,1,7
BRDA:28,1,0,0
BRDA:28,1,1,21
BRDA:37,2,0,4
BRDA:37,2,1,0
BRDA:42,3,0,1
BRDA:42,3,1,0
BRDA:48,4,0,1
BRDA:48,4,1,3
BRDA:52,5,0,4
BRDA:52,5,1,0
BRDA:57,6,0,3
BRDA:57,6,1,6
BRDA:63,7,0,3
BRDA:63,7,1,1
BRDA:67,8,0,4
BRDA:67,8,1,0
BRDA:67,9,0,4
BRDA:67,9,1,4
BRDA:68,10,0,4
BRDA:68,10,1,0
BRDA:77,11,0,4
BRDA:77,11,1,28
BRDA:81,12,0,4
BRDA:81,12,1,28
BRDA:85,13,0,4
BRDA:85,13,1,28
BRDA:89,14,0,4
BRDA:89,14,1,28
BRDA:99,15,0,4
BRDA:99,15,1,0
BRDA:99,16,0,4
BRDA:99,16,1,0
BRDA:103,17,0,4
BRDA:103,17,1,0
BRDA:109,18,0,7
BRDA:109,18,1,14
BRDA:112,19,0,7
BRDA:112,19,1,14
BRDA:115,20,0,7
BRDA:115,20,1,14
BRDA:123,21,0,6
BRDA:123,21,1,1
BRDA:124,22,0,1
BRDA:124,22,1,5
BRDA:153,23,0,3
BRDA:153,23,1,1
BRDA:153,24,0,4
BRDA:153,24,1,3
BRDA:153,24,2,0
BRDA:182,25,0,1
BRDA:182,25,1,6
BRDA:191,26,0,2
BRDA:191,26,1,4
BRDA:191,27,0,6
BRDA:191,27,1,4
BRDA:191,27,2,0
BRDA:194,28,0,1
BRDA:194,28,1,1
BRDA:206,29,0,4
BRDA:206,29,1,0
BRDA:226,30,0,1
BRDA:226,30,1,1
BRDA:233,31,0,2
BRDA:233,31,1,0
BRDA:237,32,0,1
BRDA:237,32,1,0
BRDA:251,33,0,1
BRDA:251,33,1,1
BRDA:260,34,0,0
BRDA:260,34,1,1
BRDA:270,35,0,0
BRDA:270,35,1,1
BRDA:276,36,0,0
BRDA:276,36,1,1
BRDA:283,37,0,0
BRDA:283,37,1,1
BRDA:309,38,0,0
BRDA:309,38,1,3
BRDA:314,39,0,1
BRDA:314,39,1,2
BRDA:334,40,0,1
BRDA:334,40,1,0
BRDA:344,41,0,0
BRDA:344,41,1,1
BRDA:346,42,0,0
BRDA:346,42,1,0
BRDA:355,43,0,1
BRDA:355,43,1,2
BRDA:363,44,0,1
BRDA:363,44,1,0
BRDA:376,45,0,1
BRDA:376,45,1,2
BRDA:388,46,0,2
BRDA:388,46,1,4
BRDA:395,47,0,1
BRDA:395,47,1,2
BRDA:398,48,0,1
BRDA:398,48,1,0
BRDA:403,49,0,1
BRDA:403,49,1,0
BRDA:407,50,0,2
BRDA:407,50,1,0
BRDA:425,51,0,3
BRDA:425,51,1,11
BRDA:431,52,0,1
BRDA:431,52,1,3
BRDA:434,53,0,0
BRDA:434,53,1,0
BRDA:443,54,0,1
BRDA:443,54,1,2
BRDA:451,55,0,3
BRDA:451,55,1,1
BRDA:485,56,0,0
BRDA:485,56,1,3
BRDA:491,57,0,1
BRDA:491,57,1,3
BRDA:496,58,0,3
BRDA:496,58,1,1
BRDA:503,59,0,2
BRDA:503,59,1,8
BRDA:516,60,0,1
BRDA:516,60,1,2
BRDA:521,61,0,0
BRDA:521,61,1,0
BRDA:533,62,0,1
BRDA:533,62,1,3
BRDA:533,63,0,4
BRDA:533,63,1,2
BRDA:542,64,0,1
BRDA:542,64,1,0
BRDA:547,65,0,0
BRDA:547,65,1,1
BRDA:547,66,0,1
BRDA:547,66,1,1
BRDA:555,67,0,0
BRDA:555,67,1,1
BRDA:555,68,0,1
BRDA:555,68,1,0
BRDA:576,69,0,1
BRDA:576,69,1,0
BRF:142
BRH:105
end_of_record
