TN:
SF:app.js
FN:17,(anonymous_0)
FN:19,(anonymous_1)
FN:23,(anonymous_2)
FN:27,(anonymous_3)
FN:32,(anonymous_4)
FN:41,(anonymous_5)
FN:70,(anonymous_6)
FN:84,(anonymous_7)
FN:120,(anonymous_8)
FN:163,(anonymous_9)
FN:179,(anonymous_10)
FN:202,(anonymous_11)
FN:248,(anonymous_12)
FN:251,(anonymous_13)
FN:273,(anonymous_14)
FN:288,(anonymous_15)
FN:297,(anonymous_16)
FN:315,(anonymous_17)
FN:330,(anonymous_18)
FN:340,(anonymous_19)
FN:358,(anonymous_20)
FN:365,(anonymous_21)
FN:366,(anonymous_22)
FN:375,(anonymous_23)
FN:376,(anonymous_24)
FN:384,(anonymous_25)
FN:400,(anonymous_26)
FN:425,(anonymous_27)
FN:443,(anonymous_28)
FN:444,(anonymous_29)
FN:461,(anonymous_30)
FN:462,(anonymous_31)
FN:484,(anonymous_32)
FN:517,(anonymous_33)
FN:533,(anonymous_34)
FNF:35
FNH:28
FNDA:2,(anonymous_0)
FNDA:8,(anonymous_1)
FNDA:5,(anonymous_2)
FNDA:15,(anonymous_3)
FNDA:3,(anonymous_4)
FNDA:24,(anonymous_5)
FNDA:9,(anonymous_6)
FNDA:6,(anonymous_7)
FNDA:5,(anonymous_8)
FNDA:2,(anonymous_9)
FNDA:3,(anonymous_10)
FNDA:0,(anonymous_11)
FNDA:3,(anonymous_12)
FNDA:3,(anonymous_13)
FNDA:1,(anonymous_14)
FNDA:0,(anonymous_15)
FNDA:3,(anonymous_16)
FNDA:2,(anonymous_17)
FNDA:5,(anonymous_18)
FNDA:1,(anonymous_19)
FNDA:4,(anonymous_20)
FNDA:5,(anonymous_21)
FNDA:10,(anonymous_22)
FNDA:0,(anonymous_23)
FNDA:0,(anonymous_24)
FNDA:3,(anonymous_25)
FNDA:4,(anonymous_26)
FNDA:3,(anonymous_27)
FNDA:5,(anonymous_28)
FNDA:10,(anonymous_29)
FNDA:0,(anonymous_30)
FNDA:0,(anonymous_31)
FNDA:2,(anonymous_32)
FNDA:1,(anonymous_33)
FNDA:0,(anonymous_34)
DA:1,1
DA:2,1
DA:3,1
DA:4,1
DA:5,1
DA:6,1
DA:7,1
DA:9,1
DA:10,1
DA:11,1
DA:13,1
DA:14,1
DA:16,1
DA:17,2
DA:19,1
DA:22,8
DA:23,5
DA:27,5
DA:28,15
DA:32,1
DA:37,3
DA:38,3
DA:39,3
DA:41,3
DA:43,24
DA:44,3
DA:47,24
DA:48,3
DA:51,24
DA:52,3
DA:55,24
DA:56,3
DA:61,3
DA:62,3
DA:67,3
DA:68,2
DA:70,2
DA:72,9
DA:74,9
DA:75,3
DA:77,9
DA:78,3
DA:80,9
DA:82,3
DA:84,3
DA:85,6
DA:88,3
DA:89,1
DA:90,1
DA:91,1
DA:92,1
DA:93,1
DA:114,3
DA:115,2
DA:116,2
DA:120,1
DA:125,5
DA:126,1
DA:134,4
DA:137,2
DA:138,1
DA:146,1
DA:149,2
DA:150,2
DA:154,0
DA:163,1
DA:166,2
DA:169,2
DA:170,2
DA:171,2
DA:172,2
DA:173,2
DA:176,2
DA:179,2
DA:180,3
DA:181,1
DA:182,1
DA:183,1
DA:184,1
DA:185,1
DA:194,2
DA:195,1
DA:196,1
DA:201,1
DA:202,1
DA:203,0
DA:204,0
DA:205,0
DA:213,1
DA:214,0
DA:219,1
DA:220,0
DA:226,1
DA:229,0
DA:236,1
DA:248,1
DA:251,3
DA:252,3
DA:254,0
DA:257,3
DA:258,1
DA:260,1
DA:266,2
DA:273,1
DA:277,1
DA:278,1
DA:279,1
DA:280,1
DA:281,1
DA:284,1
DA:287,1
DA:288,0
DA:289,0
DA:290,0
DA:294,0
DA:297,1
DA:298,3
DA:299,1
DA:303,1
DA:306,1
DA:307,1
DA:315,1
DA:319,2
DA:320,1
DA:321,1
DA:322,1
DA:323,1
DA:326,2
DA:328,2
DA:330,2
DA:331,5
DA:333,1
DA:334,1
DA:338,2
DA:340,1
DA:341,1
DA:342,1
DA:346,1
DA:347,1
DA:350,1
DA:351,1
DA:354,2
DA:355,2
DA:358,1
DA:362,4
DA:363,4
DA:365,4
DA:366,5
DA:368,10
DA:369,2
DA:374,4
DA:375,2
DA:376,0
DA:377,0
DA:378,0
DA:384,4
DA:386,3
DA:387,0
DA:390,3
DA:394,4
DA:395,4
DA:397,0
DA:400,1
DA:404,4
DA:409,4
DA:415,4
DA:421,4
DA:422,4
DA:423,4
DA:425,4
DA:428,3
DA:429,0
DA:430,0
DA:434,4
DA:435,0
DA:436,0
DA:439,4
DA:443,4
DA:444,5
DA:446,10
DA:448,2
DA:451,2
DA:452,2
DA:453,2
DA:459,4
DA:461,2
DA:462,0
DA:464,0
DA:466,0
DA:467,0
DA:468,0
DA:469,0
DA:476,4
DA:482,2
DA:484,2
DA:485,2
DA:486,1
DA:490,2
DA:491,1
DA:498,1
DA:499,0
DA:507,1
DA:517,1
DA:520,1
DA:521,0
DA:523,1
DA:527,1
DA:528,1
DA:529,1
DA:530,1
DA:531,1
DA:532,1
DA:533,1
DA:534,0
DA:537,1
DA:538,1
LF:216
LH:186
BRDA:22,0,0,3
BRDA:22,0,1,5
BRDA:28,1,0,0
BRDA:28,1,1,15
BRDA:43,2,0,3
BRDA:43,2,1,21
BRDA:47,3,0,3
BRDA:47,3,1,21
BRDA:51,4,0,3
BRDA:51,4,1,21
BRDA:55,5,0,3
BRDA:55,5,1,21
BRDA:67,6,0,2
BRDA:67,6,1,1
BRDA:68,7,0,2
BRDA:68,7,1,0
BRDA:74,8,0,3
BRDA:74,8,1,6
BRDA:77,9,0,3
BRDA:77,9,1,6
BRDA:80,10,0,3
BRDA:80,10,1,6
BRDA:88,11,0,1
BRDA:88,11,1,2
BRDA:114,12,0,2
BRDA:114,12,1,1
BRDA:125,13,0,1
BRDA:125,13,1,4
BRDA:134,14,0,2
BRDA:134,14,1,2
BRDA:134,15,0,4
BRDA:134,15,1,2
BRDA:134,15,2,0
BRDA:137,16,0,1
BRDA:137,16,1,1
BRDA:149,17,0,2
BRDA:149,17,1,0
BRDA:169,18,0,2
BRDA:169,18,1,0
BRDA:176,19,0,2
BRDA:176,19,1,0
BRDA:180,20,0,1
BRDA:180,20,1,2
BRDA:194,21,0,1
BRDA:194,21,1,1
BRDA:203,22,0,0
BRDA:203,22,1,0
BRDA:213,23,0,0
BRDA:213,23,1,1
BRDA:219,24,0,0
BRDA:219,24,1,1
BRDA:226,25,0,0
BRDA:226,25,1,1
BRDA:252,26,0,0
BRDA:252,26,1,3
BRDA:257,27,0,1
BRDA:257,27,1,2
BRDA:277,28,0,1
BRDA:277,28,1,0
BRDA:287,29,0,0
BRDA:287,29,1,1
BRDA:289,30,0,0
BRDA:289,30,1,0
BRDA:298,31,0,1
BRDA:298,31,1,2
BRDA:306,32,0,1
BRDA:306,32,1,0
BRDA:319,33,0,1
BRDA:319,33,1,1
BRDA:331,34,0,1
BRDA:331,34,1,4
BRDA:338,35,0,1
BRDA:338,35,1,1
BRDA:341,36,0,1
BRDA:341,36,1,0
BRDA:346,37,0,1
BRDA:346,37,1,0
BRDA:350,38,0,1
BRDA:350,38,1,0
BRDA:368,39,0,2
BRDA:368,39,1,8
BRDA:374,40,0,2
BRDA:374,40,1,2
BRDA:377,41,0,0
BRDA:377,41,1,0
BRDA:386,42,0,0
BRDA:386,42,1,3
BRDA:394,43,0,4
BRDA:394,43,1,0
BRDA:428,44,0,0
BRDA:428,44,1,3
BRDA:434,45,0,0
BRDA:434,45,1,4
BRDA:439,46,0,4
BRDA:439,46,1,0
BRDA:446,47,0,2
BRDA:446,47,1,8
BRDA:459,48,0,2
BRDA:459,48,1,2
BRDA:464,49,0,0
BRDA:464,49,1,0
BRDA:476,50,0,2
BRDA:476,50,1,2
BRDA:476,51,0,4
BRDA:476,51,1,2
BRDA:485,52,0,1
BRDA:485,52,1,1
BRDA:490,53,0,1
BRDA:490,53,1,1
BRDA:490,54,0,2
BRDA:490,54,1,2
BRDA:498,55,0,0
BRDA:498,55,1,1
BRDA:498,56,0,1
BRDA:498,56,1,0
BRDA:520,57,0,0
BRDA:520,57,1,1
BRF:117
BRH:85
end_of_record
